******************************************************************************
****         _     ____     _           _       ____         ___          ****
****        | |   |  _ \   | |_ __ ___ | |     | ___|       ( _ )         ****
****        | |   | |_) |  | | '_ ` _ \| |     |___ \       / _ \         ****
****        | |___|  __/ |_| | | | | | | |___   ___) |  _  | (_) |        ****
****        |_____|_|   \___/|_| |_| |_|_____| |____/  (_)  \___/         ****
****                                                                      ****
****                 lpjml C Version 5.8.1 (Jan 18 2024)                  ****
****    Dynamic global vegetation model with natural and managed land     ****
****                     Compiled for Linux with MPI                      ****
****       (C) Potsdam Institute for Climate Impact Research (PIK),       ****
****                          see COPYRIGHT file                          ****
****              Authors, and contributors see AUTHORS file              ****
**** This version of LPJmL is licensed under GNU AGPL Version 3 or later  ****
****        See LICENSE file or go to http://www.gnu.org/licenses/        ****
****                 or invoke lpjml -l to print license                  ****
****             Contact: https://github.com/PIK-LPJmL/LPJmL              ****
****                                                                      ****
******************************************************************************

Running for user stenzel on cs-f14c02b07 at Tue Jan 30 14:10:47 2024
Reading configuration from '/p/projects/open/Fabian/runs/metrics_double_cell//configurations/config_lu_1500_2016.json'.
==============================================================================
Simulation "lu_1500_2016"
Simulation with land fraction read from file, fire, shuffle spinup climate, 
with lakes, nitrogen limitation, permafrost, Johansen conductivity, 
GSI phenology, NPP controlled BNF, land use, limited irrigation, 
others to crop "maize" and "temperate cereals", land-use change timber, 
with tillage at year 1850, C:N fixed crop respiration, pft.cjson LAImax, 
fixed sowing date after 2000, livestock grazing, new crop PHU option, 
prescribed livestock density, always water use.
Cultivation types: none, biomass, annual crop
Working directory: /p/projects/open/Fabian/runs/metrics_double_cell
Starting from restart file '/p/projects/open/Fabian/runs/metrics_double_cell//restart/spinup/restart.lpj'.
Input files:
Variable     Fmt  Filename
------------ ---- -------------------------------------------------------------
soil         meta /p/projects/lpjml/input/historical/input_VERSION2/soil.json
coord        clm  /p/projects/lpjml/input/historical/input_VERSION2/grid.bin
landfrac     clm  /p/projects/lpjml/inputs/grid/30min/landfrac_gadm36.bin
temp         clm  /p/projects/lpjml/input/historical/GSWP3-W5E5/tas_gswp3-w5e5_1901-2016.clm
prec         clm  /p/projects/lpjml/input/historical/GSWP3-W5E5/pr_gswp3-w5e5_1901-2016.clm
lwdown       clm  /p/projects/lpjml/input/historical/GSWP3-W5E5/rlds_gswp3-w5e5_1901-2016.clm
swdown       clm  /p/projects/lpjml/input/historical/GSWP3-W5E5/rsds_gswp3-w5e5_1901-2016.clm
no3_depo     clm  /p/projects/lpjml/input/historical/input_VERSION2/no3_deposition_rcp8p5.clm
nh4_depo     clm  /p/projects/lpjml/input/historical/input_VERSION2/nh4_deposition_rcp8p5.clm
soilpH       clm  /p/projects/lpjml/input/historical/input_VERSION2/soil_ph.clm
co2          txt  /p/projects/lpjml/input/historical/input_VERSION2/co2_1841-2018.dat
windspeed    clm  /p/projects/lpjml/input/historical/GSWP3-W5E5/wind_gswp3-w5e5_1901-2016.clm
countries    clm  /p/projects/lpjml/input/historical/input_VERSION2/cow_full_2018.bin
landuse      clm  /p/projects/lpjml/input/historical/input_toolbox_30arcmin/paper_version/cft_default_cft_aggregation_30min_1500-2017_fallow_to_others_64bands.clm
fertilizer   clm  /p/projects/lpjml/input/historical/input_toolbox_30arcmin/paper_version/fert_N_default_cft_aggregation_30min_1860-2017.clm
manure_nr    clm  /p/projects/lpjml/input/historical/input_toolbox_30arcmin/paper_version/manure_N_default_cft_aggregation_30min_1860-2017.clm
livestock    clm  /p/projects/lpjml/input/Grazing/grassland_lsuha_2000-2000.clm
lakes        meta /p/projects/lpjml/input/historical/input_VERSION2/glwd_lakes_and_rivers.json
wateruse     clm  /p/projects/lpjml/input/historical/input_VERSION2/wateruse_1900_2000.bin
------------ ---- -------------------------------------------------------------
Writing restart file '/p/projects/open/Fabian/runs/metrics_double_cell//restart/lu_1500_2016/restart.lpj' after year 2016.
Reading random seeds from restart file.
Number of output files:       129
Output written in year:       1500
Byte order in output files:   little endian

Variable            Fmt  Unit              Type  dt  nbd Filename
------------------- ---- ----------------- ----- --- --- ----------------------
agb                 raw  gC/m2             float Y     1 /p/projects/open/Fabian/runs/metrics_double_cell//output/lu_1500_2016/agb.bin + .json
agb_tree            raw  gC/m2             float Y     1 /p/projects/open/Fabian/runs/metrics_double_cell//output/lu_1500_2016/agb_tree.bin + .json
albedo              raw  -                 float M     1 /p/projects/open/Fabian/runs/metrics_double_cell//output/lu_1500_2016/albedo.bin + .json
bnf                 raw  gN/m2/month       float M     1 /p/projects/open/Fabian/runs/metrics_double_cell//output/lu_1500_2016/bnf.bin + .json
bnf_agr             raw  gN/m2/yr          float Y     1 /p/projects/open/Fabian/runs/metrics_double_cell//output/lu_1500_2016/bnf_agr.bin + .json
cft_consump_water_b raw  mm/yr             float Y    32 /p/projects/open/Fabian/runs/metrics_double_cell//output/lu_1500_2016/cft_consump_water_b.bin + .json
cft_consump_water_g raw  mm/yr             float Y    32 /p/projects/open/Fabian/runs/metrics_double_cell//output/lu_1500_2016/cft_consump_water_g.bin + .json
cft_evap            raw  mm/yr             float Y    32 /p/projects/open/Fabian/runs/metrics_double_cell//output/lu_1500_2016/cft_evap.bin + .json
cft_interc          raw  mm/yr             float Y    32 /p/projects/open/Fabian/runs/metrics_double_cell//output/lu_1500_2016/cft_interc.bin + .json
cft_runoff          raw  mm/growing season float Y    24 /p/projects/open/Fabian/runs/metrics_double_cell//output/lu_1500_2016/cft_runoff.bin + .json
cft_transp          raw  mm/yr             float Y    32 /p/projects/open/Fabian/runs/metrics_double_cell//output/lu_1500_2016/cft_transp.bin + .json
cft_transp_b        raw  mm/yr             float Y    32 /p/projects/open/Fabian/runs/metrics_double_cell//output/lu_1500_2016/cft_transp_b.bin + .json
cftfrac             raw  -                 float Y    32 /p/projects/open/Fabian/runs/metrics_double_cell//output/lu_1500_2016/cftfrac.bin + .json
conv_loss_drain     raw  mm/yr             float Y     1 /p/projects/open/Fabian/runs/metrics_double_cell//output/lu_1500_2016/aconv_loss_drain.bin + .json
conv_loss_evap      raw  mm/yr             float Y     1 /p/projects/open/Fabian/runs/metrics_double_cell//output/lu_1500_2016/aconv_loss_evap.bin + .json
deforest_emis       raw  gC/m2/yr          float Y     1 /p/projects/open/Fabian/runs/metrics_double_cell//output/lu_1500_2016/deforest_emis.bin + .json
discharge           raw  hm3/month         float M     1 /p/projects/open/Fabian/runs/metrics_double_cell//output/lu_1500_2016/discharge.bin + .json
evap                raw  mm/month          float M     1 /p/projects/open/Fabian/runs/metrics_double_cell//output/lu_1500_2016/evap.bin + .json
evap_b              raw  mm/month          float M     1 /p/projects/open/Fabian/runs/metrics_double_cell//output/lu_1500_2016/evap_b.bin + .json
fapar               raw  -                 float M     1 /p/projects/open/Fabian/runs/metrics_double_cell//output/lu_1500_2016/fapar.bin + .json
firec               raw  gC/m2/yr          float Y     1 /p/projects/open/Fabian/runs/metrics_double_cell//output/lu_1500_2016/firec.bin + .json
firef               raw  yr                float Y     1 /p/projects/open/Fabian/runs/metrics_double_cell//output/lu_1500_2016/firef.bin + .json
firen               raw  gN/m2/yr          float Y     1 /p/projects/open/Fabian/runs/metrics_double_cell//output/lu_1500_2016/firen.bin + .json
flux_estabc         raw  gC/m2/yr          float Y     1 /p/projects/open/Fabian/runs/metrics_double_cell//output/lu_1500_2016/flux_estab.bin + .json
fpc                 raw  -                 float Y    12 /p/projects/open/Fabian/runs/metrics_double_cell//output/lu_1500_2016/fpc.bin + .json
fpc_bft             raw  -                 float Y    18 /p/projects/open/Fabian/runs/metrics_double_cell//output/lu_1500_2016/fpc_bft.bin + .json
globalflux          txt  -                 float Y     1 /p/projects/open/Fabian/runs/metrics_double_cell//output/lu_1500_2016/globalflux.csv + .json
gpp                 raw  gC/m2/month       float M     1 /p/projects/open/Fabian/runs/metrics_double_cell//output/lu_1500_2016/gpp.bin + .json
grid                raw  degree            short Y     1 /p/projects/open/Fabian/runs/metrics_double_cell//output/lu_1500_2016/grid.bin + .json
harvestc            raw  gC/m2/yr          float Y     1 /p/projects/open/Fabian/runs/metrics_double_cell//output/lu_1500_2016/harvestc.bin + .json
harvestc_agr        raw  gC/m2/yr          float Y     1 /p/projects/open/Fabian/runs/metrics_double_cell//output/lu_1500_2016/harvestc_agr.bin + .json
harvestn            raw  gN/m2/yr          float Y     1 /p/projects/open/Fabian/runs/metrics_double_cell//output/lu_1500_2016/harvestn.bin + .json
harvestn_agr        raw  gN/m2/yr          float Y     1 /p/projects/open/Fabian/runs/metrics_double_cell//output/lu_1500_2016/harvestn_agr.bin + .json
interc              raw  mm/month          float M     1 /p/projects/open/Fabian/runs/metrics_double_cell//output/lu_1500_2016/interc.bin + .json
interc_b            raw  mm/month          float M     1 /p/projects/open/Fabian/runs/metrics_double_cell//output/lu_1500_2016/interc_b.bin + .json
irrig               raw  mm/month          float M     1 /p/projects/open/Fabian/runs/metrics_double_cell//output/lu_1500_2016/irrig.bin + .json
irrig_stor          raw  dm3               float M     1 /p/projects/open/Fabian/runs/metrics_double_cell//output/lu_1500_2016/irrig_stor.bin + .json
lake_area           raw  m2                float Y     1 /p/projects/open/Fabian/runs/metrics_double_cell//output/lu_1500_2016/lake_area.bin + .json
lakevol             raw  dm3               float M     1 /p/projects/open/Fabian/runs/metrics_double_cell//output/lu_1500_2016/lakevol.bin + .json
land_area           raw  m2                float Y     1 /p/projects/open/Fabian/runs/metrics_double_cell//output/lu_1500_2016/land_area.bin + .json
leaching            raw  gN/m2/month       float M     1 /p/projects/open/Fabian/runs/metrics_double_cell//output/lu_1500_2016/leaching.bin + .json
litc                raw  gC/m2             float Y     1 /p/projects/open/Fabian/runs/metrics_double_cell//output/lu_1500_2016/litc.bin + .json
litn                raw  gN/m2             float Y     1 /p/projects/open/Fabian/runs/metrics_double_cell//output/lu_1500_2016/litn.bin + .json
maxthaw_depth       raw  mm                float Y     1 /p/projects/open/Fabian/runs/metrics_double_cell//output/lu_1500_2016/axthaw_depth.bin + .json
mg_litc             raw  gC/m2             float Y     1 /p/projects/open/Fabian/runs/metrics_double_cell//output/lu_1500_2016/mg_litc.bin + .json
mg_soilc            raw  gC/m2             float Y     1 /p/projects/open/Fabian/runs/metrics_double_cell//output/lu_1500_2016/mg_soilc.bin + .json
mg_vegc             raw  gC/m2             float Y     1 /p/projects/open/Fabian/runs/metrics_double_cell//output/lu_1500_2016/mg_vegc.bin + .json
n2_agr              raw  gN/m2/yr          float Y     1 /p/projects/open/Fabian/runs/metrics_double_cell//output/lu_1500_2016/n2_agr.bin + .json
n2_emis             raw  gN/m2/month       float M     1 /p/projects/open/Fabian/runs/metrics_double_cell//output/lu_1500_2016/n2_emis.bin + .json
n2o_denit           raw  gN/m2/month       float M     1 /p/projects/open/Fabian/runs/metrics_double_cell//output/lu_1500_2016/n2o_denit.bin + .json
n2o_denit_agr       raw  gN/m2/yr          float Y     1 /p/projects/open/Fabian/runs/metrics_double_cell//output/lu_1500_2016/n2o_denit_agr.bin + .json
n2o_nit             raw  gN/m2/month       float M     1 /p/projects/open/Fabian/runs/metrics_double_cell//output/lu_1500_2016/n2o_nit.bin + .json
n2o_nit_agr         raw  gN/m2/yr          float Y     1 /p/projects/open/Fabian/runs/metrics_double_cell//output/lu_1500_2016/n2o_nit_agr.bin + .json
n_immo              raw  gN/m2/month       float M     1 /p/projects/open/Fabian/runs/metrics_double_cell//output/lu_1500_2016/n_immo.bin + .json
n_mineralization    raw  gN/m2/month       float M     1 /p/projects/open/Fabian/runs/metrics_double_cell//output/lu_1500_2016/n_mineralization.bin + .json
n_volatilization    raw  gN/m2/month       float M     1 /p/projects/open/Fabian/runs/metrics_double_cell//output/lu_1500_2016/n_volatilization.bin + .json
ndepo_agr           raw  gN/m2/yr          float Y     1 /p/projects/open/Fabian/runs/metrics_double_cell//output/lu_1500_2016/ndepo_agr.bin + .json
ndepos              raw  gN/m2/yr          float Y     1 /p/projects/open/Fabian/runs/metrics_double_cell//output/lu_1500_2016/ndepos.bin + .json
nfert_agr           raw  gN/m2/yr          float Y     1 /p/projects/open/Fabian/runs/metrics_double_cell//output/lu_1500_2016/nfert_agr.bin + .json
nh3_agr             raw  gN/m2/yr          float Y     1 /p/projects/open/Fabian/runs/metrics_double_cell//output/lu_1500_2016/nh3_agr.bin + .json
nimmobilization_agr raw  gN/m2/yr          float Y     1 /p/projects/open/Fabian/runs/metrics_double_cell//output/lu_1500_2016/nimmobilization_agr.bin + .json
nleaching_agr       raw  gN/m2/yr          float Y     1 /p/projects/open/Fabian/runs/metrics_double_cell//output/lu_1500_2016/nleaching_agr.bin + .json
nmanure_agr         raw  gN/m2/yr          float Y     1 /p/projects/open/Fabian/runs/metrics_double_cell//output/lu_1500_2016/nmanure_agr.bin + .json
nmineralization_agr raw  gN/m2/yr          float Y     1 /p/projects/open/Fabian/runs/metrics_double_cell//output/lu_1500_2016/nmineralization_agr.bin + .json
npp                 raw  gC/m2/month       float M     1 /p/projects/open/Fabian/runs/metrics_double_cell//output/lu_1500_2016/npp.bin + .json
nuptake             raw  gN/m2/month       float M     1 /p/projects/open/Fabian/runs/metrics_double_cell//output/lu_1500_2016/nuptake.bin + .json
nuptake_agr         raw  gN/m2/yr          float Y     1 /p/projects/open/Fabian/runs/metrics_double_cell//output/lu_1500_2016/nuptake_agr.bin + .json
perc                raw  mm/month          float M     6 /p/projects/open/Fabian/runs/metrics_double_cell//output/lu_1500_2016/perc.bin + .json
pet                 raw  mm/month          float M     1 /p/projects/open/Fabian/runs/metrics_double_cell//output/lu_1500_2016/pet.bin + .json
pft_chawo           raw  gC/m2             float Y    43 /p/projects/open/Fabian/runs/metrics_double_cell//output/lu_1500_2016/pft_chawo.bin + .json
pft_cleaf           raw  gC/m2             float Y    43 /p/projects/open/Fabian/runs/metrics_double_cell//output/lu_1500_2016/pft_cleaf.bin + .json
pft_croot           raw  gC/m2             float Y    43 /p/projects/open/Fabian/runs/metrics_double_cell//output/lu_1500_2016/pft_croot.bin + .json
pft_csapw           raw  gC/m2             float Y    43 /p/projects/open/Fabian/runs/metrics_double_cell//output/lu_1500_2016/pft_csapw.bin + .json
pft_harvestc        raw  gC/m2/yr          float Y    32 /p/projects/open/Fabian/runs/metrics_double_cell//output/lu_1500_2016/pft_harvest.pft.bin + .json
pft_harvestn        raw  gN/m2/yr          float Y    32 /p/projects/open/Fabian/runs/metrics_double_cell//output/lu_1500_2016/pft_harvestn.pft.bin + .json
pft_laimax          raw  m2/m2             float Y    43 /p/projects/open/Fabian/runs/metrics_double_cell//output/lu_1500_2016/pft_laimax.bin + .json
pft_ndemand         raw  gN/yr             float Y    43 /p/projects/open/Fabian/runs/metrics_double_cell//output/lu_1500_2016/pft_ndemand.bin + .json
pft_nhawo           raw  gN/m2             float Y    43 /p/projects/open/Fabian/runs/metrics_double_cell//output/lu_1500_2016/pft_nhawo.bin + .json
pft_nleaf           raw  gN/m2             float Y    43 /p/projects/open/Fabian/runs/metrics_double_cell//output/lu_1500_2016/pft_nleaf.bin + .json
pft_nlimit          raw  -                 float Y    43 /p/projects/open/Fabian/runs/metrics_double_cell//output/lu_1500_2016/pft_nlimit.bin + .json
pft_nroot           raw  gN/m2             float Y    43 /p/projects/open/Fabian/runs/metrics_double_cell//output/lu_1500_2016/pft_nroot.bin + .json
pft_nsapw           raw  gN/m2             float Y    43 /p/projects/open/Fabian/runs/metrics_double_cell//output/lu_1500_2016/pft_nsapw.bin + .json
pft_nuptake         raw  gN/m2/yr          float Y    43 /p/projects/open/Fabian/runs/metrics_double_cell//output/lu_1500_2016/pft_nuptake.bin + .json
pft_rharvestc       raw  gC/m2/yr          float Y    32 /p/projects/open/Fabian/runs/metrics_double_cell//output/lu_1500_2016/pft_rharvest.pft.bin + .json
pft_rharvestn       raw  gN/m2/yr          float Y    32 /p/projects/open/Fabian/runs/metrics_double_cell//output/lu_1500_2016/pft_rharvestn.pft.bin + .json
pft_vegc            raw  gC/m2             float Y    43 /p/projects/open/Fabian/runs/metrics_double_cell//output/lu_1500_2016/pft_vegc.bin + .json
pft_vegn            raw  gN/m2             float Y    43 /p/projects/open/Fabian/runs/metrics_double_cell//output/lu_1500_2016/pft_vegn.bin + .json
pft_water_demand    raw  mm/yr             float Y    43 /p/projects/open/Fabian/runs/metrics_double_cell//output/lu_1500_2016/pft_water_demand.bin + .json
phen_light          raw  -                 float M     1 /p/projects/open/Fabian/runs/metrics_double_cell//output/lu_1500_2016/phen_light.bin + .json
phen_tmax           raw  -                 float M     1 /p/projects/open/Fabian/runs/metrics_double_cell//output/lu_1500_2016/phen_tmax.bin + .json
phen_tmin           raw  -                 float M     1 /p/projects/open/Fabian/runs/metrics_double_cell//output/lu_1500_2016/phen_tmin.bin + .json
phen_water          raw  -                 float M     1 /p/projects/open/Fabian/runs/metrics_double_cell//output/lu_1500_2016/phen_water.bin + .json
prec                raw  mm/month          float M     1 /p/projects/open/Fabian/runs/metrics_double_cell//output/lu_1500_2016/prec.bin + .json
prod_turnover       raw  gC/m2/yr          float Y     1 /p/projects/open/Fabian/runs/metrics_double_cell//output/lu_1500_2016/prod_turnover.bin + .json
rd                  raw  gC/m2/month       float M     1 /p/projects/open/Fabian/runs/metrics_double_cell//output/lu_1500_2016/rd.bin + .json
res_storage         raw  dm3               float M     1 /p/projects/open/Fabian/runs/metrics_double_cell//output/lu_1500_2016/res_storage.bin + .json
return_flow_b       raw  mm/month          float M     1 /p/projects/open/Fabian/runs/metrics_double_cell//output/lu_1500_2016/return_flow_b.bin + .json
rh                  raw  gC/m2/month       float M     1 /p/projects/open/Fabian/runs/metrics_double_cell//output/lu_1500_2016/rh.bin + .json
rivervol            raw  dm3               float M     1 /p/projects/open/Fabian/runs/metrics_double_cell//output/lu_1500_2016/rivervol.bin + .json
rootmoist           raw  -                 float M     1 /p/projects/open/Fabian/runs/metrics_double_cell//output/lu_1500_2016/rootmoist.bin + .json
runoff              raw  mm/month          float M     1 /p/projects/open/Fabian/runs/metrics_double_cell//output/lu_1500_2016/runoff.bin + .json
sdate               raw  -                 short Y    24 /p/projects/open/Fabian/runs/metrics_double_cell//output/lu_1500_2016/sdate.bin + .json
seasonality         raw  -                 short Y     1 /p/projects/open/Fabian/runs/metrics_double_cell//output/lu_1500_2016/seasonality.bin + .json
seedn_agr           raw  gN/m2/yr          float Y     1 /p/projects/open/Fabian/runs/metrics_double_cell//output/lu_1500_2016/seedn_agr.bin + .json
soilc               raw  gC/m2             float Y     1 /p/projects/open/Fabian/runs/metrics_double_cell//output/lu_1500_2016/soilc.bin + .json
soilc_layer         raw  gC/m2             float Y     5 /p/projects/open/Fabian/runs/metrics_double_cell//output/lu_1500_2016/soilc_layer.bin + .json
soiln               raw  gN/m2             float Y     1 /p/projects/open/Fabian/runs/metrics_double_cell//output/lu_1500_2016/soiln.bin + .json
soiln_layer         raw  gN/m2             float Y     5 /p/projects/open/Fabian/runs/metrics_double_cell//output/lu_1500_2016/soiln_layer.bin + .json
soiln_slow          raw  gN/m2             float Y     1 /p/projects/open/Fabian/runs/metrics_double_cell//output/lu_1500_2016/soiln_slow.bin + .json
soilnh4             raw  gN/m2             float Y     1 /p/projects/open/Fabian/runs/metrics_double_cell//output/lu_1500_2016/soilnh4.bin + .json
soilnh4_layer       raw  gN/m2             float Y     5 /p/projects/open/Fabian/runs/metrics_double_cell//output/lu_1500_2016/soilnh4_layer.bin + .json
soilno3             raw  gN/m2             float Y     1 /p/projects/open/Fabian/runs/metrics_double_cell//output/lu_1500_2016/soilno3.bin + .json
soilno3_layer       raw  gN/m2             float Y     5 /p/projects/open/Fabian/runs/metrics_double_cell//output/lu_1500_2016/soilno3_layer.bin + .json
soiltemp1           raw  Celsius           float M     1 /p/projects/open/Fabian/runs/metrics_double_cell//output/lu_1500_2016/soiltemp1.bin + .json
soiltemp2           raw  Celsius           float M     1 /p/projects/open/Fabian/runs/metrics_double_cell//output/lu_1500_2016/soiltemp2.bin + .json
soiltemp3           raw  Celsius           float M     1 /p/projects/open/Fabian/runs/metrics_double_cell//output/lu_1500_2016/soiltemp3.bin + .json
swc                 raw  -                 float M     6 /p/projects/open/Fabian/runs/metrics_double_cell//output/lu_1500_2016/swc.bin + .json
swc1                raw  -                 float M     1 /p/projects/open/Fabian/runs/metrics_double_cell//output/lu_1500_2016/swc1.bin + .json
swc2                raw  -                 float M     1 /p/projects/open/Fabian/runs/metrics_double_cell//output/lu_1500_2016/swc2.bin + .json
swc_vol             raw  dm3               float M     5 /p/projects/open/Fabian/runs/metrics_double_cell//output/lu_1500_2016/swc_vol.bin + .json
swe                 raw  mm                float M     1 /p/projects/open/Fabian/runs/metrics_double_cell//output/lu_1500_2016/swe.bin + .json
terr_area           raw  m2                float Y     1 /p/projects/open/Fabian/runs/metrics_double_cell//output/lu_1500_2016/terr_area.bin + .json
timber_harvestc     raw  gC/m2/yr          float Y     1 /p/projects/open/Fabian/runs/metrics_double_cell//output/lu_1500_2016/timber_harvestc.bin + .json
transp              raw  mm/month          float M     1 /p/projects/open/Fabian/runs/metrics_double_cell//output/lu_1500_2016/transp.bin + .json
transp_b            raw  mm/month          float M     1 /p/projects/open/Fabian/runs/metrics_double_cell//output/lu_1500_2016/transp_b.bin + .json
uptakec_mgrass      raw  gC/m2             float Y     1 /p/projects/open/Fabian/runs/metrics_double_cell//output/lu_1500_2016/uptakec_mgrass.bin + .json
vegc                raw  gC/m2             float Y     1 /p/projects/open/Fabian/runs/metrics_double_cell//output/lu_1500_2016/vegc.bin + .json
vegn                raw  gN/m2             float Y     1 /p/projects/open/Fabian/runs/metrics_double_cell//output/lu_1500_2016/vegn.bin + .json
wateramount         raw  hm3               float M     1 /p/projects/open/Fabian/runs/metrics_double_cell//output/lu_1500_2016/wateramount.bin + .json
------------------- ---- ----------------- ----- --- --- ----------------------
PFT-specific output is grid scaled.
Spinup years:                   401
Cycle length during spinup:      30
First year:                    1901
Last year:                     2016
Index of first cell:          47459
Number of grid cells:             2
==============================================================================
Memory allocated for output: 9,944 bytes/cell
Simulation begins...
Spinup using climate starting from year 1901

                     Carbon flux (ktC/yr)                        Water (dam3/yr)                Nitrogen (MgN/yr)
       ----------------------------------------------- ---------------------------------- --------------------------------
Spinup NEP     estab   fire    harvest product NBP     transp     evap    interc  wd      nuptake ndemand  nlosses ninflux
------ ------- ------- ------- ------- ------- ------- ---------- ------- ------- ------- ------- -------- ------- -------
  1500 -846.986  19.143  28.063 112.652   0.000 -965.729  2161194.6 376702.1 132244.4     0.0 45326.5   8828.8  8289.7  7792.5
  1501 -437.889  18.576  20.548 189.112   0.000 -626.141  2180000.9 385587.6 186098.7    49.7 43664.9  10111.9 15644.3  8608.0
  1502 138.874  18.311  52.911 184.515   0.000 -77.440  2756829.6 495795.8 250656.5    61.9 47275.1  16388.8 16695.7 10840.3
  1503 178.732  18.408  52.889 185.998   0.000 -38.957  2842235.6 499419.7 261892.6    94.8 48261.9  16909.1 14878.8 10923.9
  1504 252.780  18.358  21.859 164.334   0.000  87.726  3023369.5 594247.2 439475.3   160.3 49368.8  17875.7 14175.6 11259.7
  1505 147.877  18.374 100.466 193.834   0.000 -125.277  2833652.9 473653.2 179334.2   149.1 49074.4  17976.5 13658.1 11166.8
  1506 160.265  18.233  36.450 195.250   0.000 -50.441  2565853.5 456558.1 204971.2   261.3 51382.7  14545.5 13917.2 10203.5
  1507 312.601  18.178  15.389 153.244   0.000 164.897  3129069.0 619702.6 246874.0   303.8 53143.4  18494.3 11625.8 10956.7
  1508 263.480  18.126  15.918 186.284   0.000  82.146  3132299.2 546146.5 338372.9   326.4 53394.8  19329.4 11249.5 11215.2
  1509 -74.623  18.091  71.101 172.815   0.000 -297.715  2567679.6 540949.5 176501.2   336.7 51109.6  15879.0 13500.0 10313.3
  1510  68.000  17.976  41.407 165.899   0.000 -118.609  2732147.2 510886.9 246091.1   370.2 50433.0  15537.1 12611.4 10636.8
  1511 -30.582  17.932  30.871 170.804   0.000 -211.613  2748579.7 524138.3 191030.2   385.6 49191.4  15197.7 13050.4 10536.7
  1512 239.763  17.879  15.252 176.853   0.000  68.239  3045100.6 521639.8 326999.2   507.1 52138.5  18035.9 10562.4 11204.3
  1513 -110.332  17.845  32.865 152.782   0.000 -275.390  2549529.3 391973.8 156403.7   746.2 49055.8  11965.6  9953.3  8884.5
  1514 416.108  17.748  16.064 143.552   0.000 276.922  3105090.0 600705.8 230276.9   671.5 55198.0  17314.7 10070.4 11062.5
  1515 -695.678  17.945  22.763 178.365   0.000 -876.155  2176778.8 410312.6 142938.5   621.5 42923.3   8271.5 10128.5  9025.4
  1516 -260.340  17.744 199.699 161.253   0.000 -600.876  2046569.2 350039.7 137868.5   608.4 54301.8   8381.2 11202.3  8486.9
  1517 584.046  17.272  57.080 155.887   0.000 391.004  2681600.4 480071.6 152730.9   610.8 54259.1  14655.8 13513.2 10389.0
  1518 -55.279  17.556 106.347 158.493   0.000 -299.912  2305253.6 435619.9 150935.5   711.6 48411.7  10045.4 10136.8  9433.4
  1519 478.756  17.380  57.921 156.855   0.000 283.993  2648553.8 472941.1 159830.2   775.8 55004.6  14446.8 12058.7 10364.2
  1520 -422.979  17.413  30.650 143.032   0.000 -576.603  2169948.9 392259.3 120538.8  1046.2 50694.7   8231.9  8661.1  8102.9
  1521 518.726  17.265  15.702 139.402   0.000 383.501  3047431.5 590506.5 232468.5  1009.5 54116.9  16602.0  8834.8 10390.4
  1522 234.355  17.273  36.851 173.391   0.000  43.993  2581257.9 458851.6 188575.7  1022.4 53859.3  13793.3  8866.0 10228.1
  1523 369.367  17.206  65.918 150.280   0.000 172.973  2774478.9 486078.5 155851.0  1050.7 55252.0  15129.0 10874.4 10653.7
  1524 313.297  17.113  62.441 152.603   0.000 117.950  2799144.9 492180.8 153806.6  1083.8 54949.1  14950.0  9034.5 10778.1

                     Carbon flux (ktC/yr)                        Water (dam3/yr)                Nitrogen (MgN/yr)
       ----------------------------------------------- ---------------------------------- --------------------------------
Spinup NEP     estab   fire    harvest product NBP     transp     evap    interc  wd      nuptake ndemand  nlosses ninflux
------ ------- ------- ------- ------- ------- ------- ---------- ------- ------- ------- ------- -------- ------- -------
  1525 224.201  17.042  47.512 165.111   0.000  31.194  2844683.0 530091.5 223552.0   824.4 53259.2  17106.7  7722.9 11433.0
  1526 -115.879  17.059  96.446 144.758   0.000 -337.459  2366728.3 422315.0 143780.1  1064.7 50774.6  10425.7  8267.2  9620.6
  1527 150.740  17.169 319.202 163.015   0.000 -311.752  2421141.8 359792.2 341220.0  1111.3 52074.4  13864.8 13095.3 10206.8
  1528 160.036  16.631 100.484 153.659   0.000 -74.932  2650409.2 427496.3 162278.6   899.5 48552.4  14429.3 12952.5 10603.1
  1529 -553.717  17.173  18.911 155.065   0.000 -707.932  2122796.3 377970.7 150585.7  1277.0 41767.5   7032.6  9365.0  8614.4
  1530 431.685  16.374  62.660 139.504   0.000 248.421  2468879.0 497784.1 165624.6  1178.2 53047.0  13837.1 13655.8  9616.8
  1531 417.687  16.639  22.883 125.871   0.000 288.088  3028296.0 571241.6 412486.3  1378.9 50187.1  17039.2  9870.9 11153.6
  1532 204.224  16.877 300.010 154.190   0.000 -230.593  2684319.2 370336.9 356399.2  1261.2 50239.0  16849.0  9669.2 10641.5
  1533 345.349  16.300  42.662 141.735   0.000 179.747  2804621.1 479272.2 242181.4  1436.2 51747.8  14931.0  9851.4 10374.3
  1534 292.941  16.472  24.636 125.527   0.000 161.736  3056209.3 559883.2 416492.5  1492.4 50174.1  17550.4  9293.4 11393.4
  1535 -90.190  16.681 230.264 144.925   0.000 -446.216  2411716.2 348965.2 153248.9  1457.7 48050.9  13477.4  7087.9  9581.2
  1536 533.179  16.125  23.832 141.400   0.000 386.539  3167728.9 526571.7 271812.8  1907.0 51907.8  17363.7 12001.8 11910.4
  1537  63.459  16.370 108.812 141.296   0.000 -167.823  2756937.5 434638.3 171815.7  1160.5 47351.1  15831.1  8860.4 10702.8
  1538  95.771  16.304 174.611 142.452   0.000 -202.542  2643016.6 467225.3 373374.0  1046.1 47360.8  14901.8 10417.5 10824.4
  1539 356.015  16.048  41.494 136.935   0.000 196.071  2891162.2 496924.3 243549.4  1487.3 50546.2  17457.6  7497.6 11091.3
  1540 -19.896  16.137  25.999 124.270   0.000 -151.583  2540075.4 368594.5 164068.3  2442.9 47447.2  11705.9  6405.1  8574.1
  1541 439.151  16.040  15.675 118.850   0.000 323.082  3134295.4 570597.0 246009.5  2046.2 52238.3  18134.8  6337.6 10869.5
  1542 141.065  16.005  36.835 140.656   0.000 -18.004  2787196.4 433212.4 181961.7  1919.2 46418.6  14224.9  5788.7 10647.2
  1543 -1080.247  17.434  47.743 119.279   0.000 -1227.399  1581581.0 324930.2 92617.8  2248.6 44630.2   4772.1  7790.6  7275.2
  1544 741.650  14.419  15.038 112.615   0.000 630.803  2970701.2 562442.7 187915.6  2217.3 56974.4  15231.3  8485.6 10008.3
  1545 -559.519  16.218  21.268 133.939   0.000 -696.096  2159777.2 390676.7 146833.2  2006.0 43725.7   7423.3  6940.6  8672.3
  1546 746.234  15.369  69.030 118.615   0.000 576.330  2728009.0 448560.1 150571.4  2149.3 57872.9  13754.2 11068.6 10108.5
  1547 162.973  15.633  33.855 121.836   0.000  25.282  2695197.0 505795.6 185628.0  1817.0 50357.3  12688.3  8040.6 10059.9
  1548 199.684  15.624  38.834 123.906   0.000  54.926  2503776.1 427385.8 191295.3  2322.1 52669.7  12252.7  6671.5 10005.8
  1549 -141.205  15.564  27.102 124.677   0.000 -275.061  2312315.1 360475.1 174249.8  2391.9 49388.2   9974.7  8774.7  8608.9

                     Carbon flux (ktC/yr)                        Water (dam3/yr)                Nitrogen (MgN/yr)
       ----------------------------------------------- ---------------------------------- --------------------------------
Spinup NEP     estab   fire    harvest product NBP     transp     evap    interc  wd      nuptake ndemand  nlosses ninflux
------ ------- ------- ------- ------- ------- ------- ---------- ------- ------- ------- ------- -------- ------- -------
  1550 264.420  15.478  34.658 114.810   0.000 132.768  2726111.2 482660.8 187215.3  2012.5 51642.4  13754.6  9229.4 10102.0
  1551 -36.331  15.496 113.087 112.020   0.000 -243.615  2364441.3 400308.2 149874.4  2245.0 48243.6  10215.9  6694.3  9407.6
  1552 383.740  15.293  42.223 124.545   0.000 234.581  2594466.9 406521.4 173018.3  2508.8 51297.9  11461.5  6430.2 10000.4
  1553 607.197  15.264  27.013 102.072   0.000 495.675  3057192.0 549105.5 402465.0  2596.0 55410.6  16020.3  8699.2 10873.4
  1554 -140.780  15.385 148.997 119.968   0.000 -392.062  2603774.0 353084.4 164388.7  1944.9 48185.1  12378.7  5988.3 10161.9
  1555 295.144  15.025  27.900 103.267   0.000 181.291  2571323.3 421295.9 157381.0  2488.2 53485.9  13044.6  9381.6 10012.2
  1556 153.419  15.125  33.177 117.568   0.000  20.076  2636591.6 417642.4 174096.5  2696.8 47333.9  12475.1  5944.6 10341.6
  1557 -480.932  15.097  39.753 110.058   0.000 -613.354  1948445.0 384031.7 128368.9  3093.9 45364.0   7457.9  7525.2  8241.7
  1558 -662.970  15.500  16.180 113.652   0.000 -775.022  1945355.7 357926.3 145176.6  2709.8 43885.3   5548.3  7939.9  7877.3
  1559 467.695  14.439  62.854 100.625   0.000 320.896  2417097.9 475855.1 157197.0  2243.4 53947.8  12555.8 11398.6  9320.5
  1560 644.596  14.798  24.783  94.858   0.000 541.984  3073220.8 542012.4 403891.0  3063.8 52451.3  16845.3  8674.1 10989.6
  1561 -113.135  15.064 272.869 105.403   0.000 -474.103  2322924.7 311074.2 152422.1  3307.8 51253.9  11006.6  7276.0  8651.7
  1562 396.810  14.620 186.041 109.609   0.000 117.992  2650374.1 443085.8 353853.4  2136.8 50978.5  13873.8 12406.1 10410.6
  1563 498.472  14.496  17.016  93.852   0.000 404.304  2954030.2 575324.9 240938.1  2648.6 53944.6  14204.3  7109.1  9679.2
  1564 547.590  14.594  22.464  97.467   0.000 444.443  3167894.1 535214.8 223295.8  3237.4 53343.6  18377.3  5648.5 10676.8
  1565  -8.785  14.585  87.322  87.692   0.000 -167.031  2565333.6 444834.7 229050.5  4113.3 49950.5  12905.9  8266.4  9384.5
  1566 236.364  14.399  26.615  91.258   0.000 135.061  3067048.4 530084.5 403047.7  3433.4 50583.6  16957.7  7290.1 11463.0
  1567 372.838  14.391  26.785  90.379   0.000 272.225  3209404.2 524344.9 399396.1  3481.2 51554.8  20143.5  5658.3 11975.7
  1568 -714.660  14.999  68.443  89.662   0.000 -855.556  1967409.9 313705.1 89615.4  3906.7 43693.0   8799.2  5838.3  8319.0
  1569 612.942  13.695  26.204  94.498   0.000 508.076  2891987.9 425094.6 165222.7  2851.2 55800.6  14290.3  9420.0 10870.4
  1570 -121.421  14.397 152.341  99.702   0.000 -356.923  2513960.4 341172.1 159445.2  2613.3 48049.3  11345.7  5105.0  9879.8
  1571 359.735  14.012  42.672  90.025   0.000 243.181  2603184.5 402992.0 162471.8  2686.6 51862.8  11312.6  6593.0  9834.9
  1572 434.493  14.125  75.213  91.662   0.000 283.855  2812391.9 430425.0 231026.9  3238.2 54059.2  15465.6  7859.6 11034.0
  1573 -142.686  14.078 118.392  81.454   0.000 -326.344  2377620.6 396967.8 143372.3  3334.8 47850.1  10410.3  5811.3  9323.6
  1574 -216.891  14.016 107.951  95.258   0.000 -403.981  2256532.3 324195.1 160038.0  3056.4 49597.9   8365.0  5942.3  8980.2

                     Carbon flux (ktC/yr)                        Water (dam3/yr)                Nitrogen (MgN/yr)
       ----------------------------------------------- ---------------------------------- --------------------------------
Spinup NEP     estab   fire    harvest product NBP     transp     evap    interc  wd      nuptake ndemand  nlosses ninflux
------ ------- ------- ------- ------- ------- ------- ---------- ------- ------- ------- ------- -------- ------- -------
  1575 -139.322  13.942 102.424  93.188   0.000 -318.899  2233506.6 322656.3 161431.4  2946.4 50036.6   7973.4  6300.3  8835.1
  1576 732.597  13.658  24.001  80.038   0.000 644.289  3050184.1 512459.5 395289.7  4201.7 54624.9  16337.2  8779.5 10844.0
  1577 340.892  13.960 203.149  93.389   0.000  60.377  2871870.9 458190.4 358899.2  2235.1 50148.7  16727.4  7343.8 10962.4
  1578 -111.098  13.551  27.241  87.608   0.000 -210.323  2397910.8 333570.5 173655.1  4071.1 48096.6  10553.4  9855.9  8689.7
  1579 -572.175  13.911  22.081  88.515   0.000 -666.791  2152743.9 357074.1 150677.2  3956.3 41815.7   6759.3  7351.0  8241.5
  1580 543.822  13.376  44.221  82.440   0.000 432.579  2674466.1 393635.8 171038.8  3116.6 51596.0  11621.4  8656.5  9493.9
  1581 310.059  13.539  42.068  84.097   0.000 199.463  2541212.9 406749.9 195631.5  3861.6 52102.3  12538.6  7402.1  9669.4
  1582 350.850  13.464  50.094  87.164   0.000 229.069  2897182.5 485724.8 234559.9  3214.7 51944.7  16902.1  6220.5 10760.7
  1583 265.347  13.396  37.761  83.547   0.000 159.443  2625098.4 407900.3 192014.3  3995.2 53154.3  15036.1  5737.4 10046.2
  1584 -214.132  13.397  30.221  84.814   0.000 -313.755  2381389.5 344378.8 175087.6  4575.3 46551.5  10925.2  8580.0  8584.9
  1585 326.636  13.253  65.814  79.383   0.000 196.676  2890458.8 420259.9 234916.0  3948.8 51184.9  16352.2  8400.8 10884.7
  1586 307.645  13.177  50.472  84.875   0.000 187.448  2968175.5 461601.2 233609.9  3481.2 51419.9  18329.9  4681.7 11240.5
  1587 106.800  13.231 113.917  81.032   0.000 -72.953  2692596.8 394135.1 164201.9  3623.0 48686.1  15272.2  7549.4 10531.1
  1588  -1.536  12.988  32.892  73.770   0.000 -93.232  2557549.3 333630.3 152503.0  5787.4 50771.6  10800.4  4858.2  8473.2
  1589 487.790  13.005  26.550  78.700   0.000 397.490  3243555.1 473467.6 276282.6  4547.7 51236.2  18140.8  8601.4 11818.1
  1590 250.785  12.968  57.313  76.654   0.000 131.721  2974510.6 422055.1 156508.0  4705.2 50851.1  16866.3  5778.5 10958.0
  1591 126.592  12.863  27.294  74.450   0.000  39.645  2758609.9 409959.0 158804.4  4514.4 50488.0  15350.0  5288.2 10625.6
  1592 268.163  12.818  23.569  76.633   0.000 182.694  3210938.3 479204.4 272556.5  4742.0 50074.3  18325.2  6884.5 12070.1
  1593 274.650  12.754  27.027  76.547   0.000 185.736  3344769.5 473354.0 270749.7  4908.3 50269.4  19275.5  6135.2 12286.7
  1594  77.750  12.713  47.215  74.348   0.000 -29.204  2965723.6 449135.7 179659.8  4390.4 50210.6  16551.3  5617.2 10667.6
  1595 -208.486  12.720 117.560  71.768   0.000 -383.209  2465570.8 366940.8 142493.7  4709.5 46995.5  11220.2  5974.0  9795.4
  1596 504.066  12.449  21.910  71.536   0.000 424.946  3077816.2 484364.5 210190.4  5187.0 55680.1  16977.5  4822.4 10653.2
  1597 282.275  12.481  31.681  67.645   0.000 197.296  3084887.0 502243.6 389010.4  5450.1 51700.6  17104.9  6631.7 11547.4
  1598 -52.688  12.518  73.109  68.693   0.000 -180.105  2616263.0 331192.2 118180.2  5923.3 52706.7  14083.6  4289.7  9151.7
  1599 211.441  12.339  57.740  70.901   0.000  96.985  2784151.6 409819.6 147055.1  4985.0 52416.3  14965.5  7716.2 10837.7

                     Carbon flux (ktC/yr)                        Water (dam3/yr)                Nitrogen (MgN/yr)
       ----------------------------------------------- ---------------------------------- --------------------------------
Spinup NEP     estab   fire    harvest product NBP     transp     evap    interc  wd      nuptake ndemand  nlosses ninflux
------ ------- ------- ------- ------- ------- ------- ---------- ------- ------- ------- ------- -------- ------- -------
  1600 466.874  12.272  19.427  65.435   0.000 396.121  3270329.0 509937.9 223471.4  5706.1 55711.6  19452.4  3062.8 11722.6
  1601  48.440  12.369  74.943  68.383   0.003 -80.677  2680769.9 456895.7 158324.1  4043.1 52952.7  16744.7  5478.4 10368.1
  1602 268.054  12.321  19.645  70.684   0.006 191.889  3103496.6 455200.9 297651.9  4635.4 55691.6  17818.5  3945.9 11151.5
  1603 279.109  12.401  20.496  71.890   0.009 200.969  3142336.7 455616.4 298610.9  4634.1 55371.2  18609.1  4293.9 11301.5
  1604 177.979  12.439  20.651  72.301   0.012  99.314  3119233.6 457182.7 297104.6  4644.8 55731.1  18514.5  4147.3 11412.9
  1605 -162.278  13.027 376.838  74.932   0.014 -599.169  2529631.3 322193.1 321970.7  3986.2 49463.1  14493.8  9505.7 10384.3
  1606 582.203  11.952  24.054  70.034   0.016 501.922  3165127.1 484281.9 195610.4  5686.1 59515.8  17112.4  4525.5 11153.9
  1607 192.618  12.588  76.073  72.833   0.019  58.158  2915625.4 413815.6 219975.6  4857.6 51520.9  16680.1  7425.5 11315.7
  1608 -282.194  12.769 173.043  77.591   0.020 -518.197  2511581.3 315625.5 152488.1  4032.5 48911.7  11244.8  5214.5  9731.5
  1609 -677.840  12.515  23.161  77.594   0.022 -764.104  2094137.6 339713.8 132241.7  5145.5 45738.5   6162.2  6927.2  7998.7
  1610 861.042  12.593  29.644  67.792   0.023 778.070  3107177.1 487797.1 379372.2  5748.3 58881.7  15938.2  9693.9 10790.8
  1611 -108.282  13.148 302.072  78.030   0.025 -473.353  2428158.5 314996.9 139711.2  4892.1 50628.6  12781.7  5573.0  9329.2
  1612 -81.258  12.461 129.313  79.433   0.026 -275.658  2362979.0 311281.0 151471.3  4065.2 53521.2   8491.0  7616.2  9073.8
  1613 -605.008  12.975  19.890  79.260   0.027 -689.283  2049367.3 341487.2 140215.8  5206.5 45910.8   5634.2  7582.6  7771.7
  1614 565.660  12.608 100.618  65.877   0.027 413.663  2532049.3 397642.5 217172.9  6747.2 57915.1  11284.9 11039.8  8371.2
  1615 494.725  12.821  46.189  83.930   0.028 379.328  2806748.9 380544.1 172519.3  5246.8 50417.7  12842.4  6925.3 10113.3
  1616 191.607  13.239 372.524  78.344   0.028 -244.122  2494477.0 326231.1 352040.0  4010.5 52957.6  13856.4 12479.6  9771.7
  1617 -498.514  12.733  22.397  81.146   0.028 -587.401  2237558.3 346417.1 145930.3  5366.0 46190.0   6909.1  7039.7  8163.3
  1618 503.202  12.891  41.649  77.710   0.028 398.648  2572364.9 386213.3 197101.9  5002.3 55947.0  13151.7  9925.3  9321.7
  1619 473.757  13.009  19.256  72.231   0.029 397.197  2983337.1 575047.7 246022.1  4904.4 52512.7  14732.2  6999.6  9565.0
  1620 105.003  13.087  93.429  70.612   0.029 -44.027  2605459.0 423014.2 235123.3  6634.6 51426.3  12772.7  8635.6  9181.0
  1621 367.220  13.037  28.810  73.860   0.029 279.514  3122388.0 506532.8 410083.6  5853.3 52248.8  17033.8  7418.5 11327.3
  1622 557.958  13.131  19.236  78.998   0.030 474.787  3335723.2 471108.3 328450.8  4922.1 55876.6  21746.4  3583.4 11461.6
  1623 -54.250  13.360 225.616  85.427   0.031 -349.993  2718952.1 443240.1 355920.2  3906.7 49023.7  14768.8  8410.7 10654.6
  1624 103.462  13.010  37.850  77.375   0.031   3.192  2795928.2 448221.3 182956.5  5041.4 50664.7  14307.3 10113.9 10248.0

                     Carbon flux (ktC/yr)                        Water (dam3/yr)                Nitrogen (MgN/yr)
       ----------------------------------------------- ---------------------------------- --------------------------------
Spinup NEP     estab   fire    harvest product NBP     transp     evap    interc  wd      nuptake ndemand  nlosses ninflux
------ ------- ------- ------- ------- ------- ------- ---------- ------- ------- ------- ------- -------- ------- -------
  1625 259.229  13.228  27.757  74.024   0.031 172.624  3085515.8 503431.4 410126.5  5862.1 50807.8  17059.6  6517.0 11435.3
  1626  10.149  13.294  31.439  84.276   0.032 -90.314  2626187.6 339359.4 177278.2  6028.5 48407.0  13510.2  5429.3  9272.1
  1627 -476.112  13.378  50.485  81.370   0.032 -592.600  2107054.2 366265.3 131495.1  6650.8 43929.3   8212.7  7686.2  8356.8
  1628 -133.904  13.469 109.850  84.771   0.032 -313.086  2301757.1 312950.3 167664.0  4182.4 50170.8   8245.4  7763.8  8840.6
  1629 522.002  13.287  71.912  79.242   0.033 386.105  2829320.0 416032.2 236682.7  5184.6 52911.9  15700.2  8523.8 10576.3
  1630 193.478  13.442  90.697  72.691   0.033  45.511  2610640.8 421097.3 235468.4  7040.1 51390.8  12793.0  6945.2  9238.8
  1631 316.567  13.450  43.766  89.063   0.033 199.173  2806139.7 390724.6 177341.4  5472.3 48460.7  13211.9  5932.4 10197.9
  1632 542.865  13.504  23.396  78.441   0.033 456.518  3118337.3 522371.8 224012.4  5836.0 56110.4  16845.3  5635.1 10332.6
  1633 -814.366  13.940  27.433  86.879   0.033 -912.717  2138029.6 380126.4 149499.5  5502.5 41622.7   6880.9  6183.5  8262.8
  1634 560.998  13.240  77.401  80.334   0.034 418.500  2839210.8 422282.1 226616.9  5247.0 56426.6  14665.7  9922.3 10270.4
  1635 -673.545  13.892  23.914  88.015   0.034 -769.559  2153569.5 367476.9 149827.9  5640.2 41834.0   7021.4  5789.0  8303.1
  1636 111.998  13.462 117.131  77.754   0.034 -67.413  2309750.5 374600.2 148460.6  5175.7 52879.0   8944.3  9635.3  8862.7
  1637  61.019  13.696 114.961  80.996   0.035 -119.227  2270566.5 375077.1 153237.7  5310.6 50454.1   9391.9  7887.4  8924.6
  1638 421.433  13.668  32.910  81.647   0.035 322.568  2480192.6 409015.3 164058.2  5440.5 54853.2  12195.9  7542.3  9340.0
  1639 -431.513  13.914  26.420  79.114   0.035 -521.097  2156678.4 352020.6 122793.8  6615.1 51743.9   7740.0  5423.3  7563.0
  1640 706.178  13.678  24.548  85.121   0.035 612.217  3214997.1 492548.5 278533.9  5878.1 52029.4  18632.0  9591.5 11474.8
  1641 -516.981  13.878  30.320  89.802   0.035 -621.172  2310925.9 374779.2 155808.4  5487.5 43025.0   8402.4  6811.8  8524.1
  1642 666.458  13.886  58.069  85.401   0.035 538.915  2798873.2 443147.5 253849.6  6138.2 55567.9  15070.3 11479.6  9868.0
  1643 256.578  13.943  81.161  81.225   0.036 110.182  2610378.9 486232.5 176356.5  4644.3 52468.6  15407.8  8787.6  9792.1
  1644 450.172  13.935  28.752  77.742   0.036 359.664  3109907.1 531817.4 408017.0  6221.9 53408.4  16793.2  7811.9 11122.7
  1645 433.883  13.999  61.698  86.615   0.037 301.626  3030633.4 446128.5 156575.6  4697.1 54573.6  17267.9  6157.5 11248.7
  1646 266.387  14.040  55.179  88.438   0.037 138.872  2971285.0 492110.0 232572.7  4532.8 53779.1  18781.2  5088.6 11517.5
  1647 107.350  14.093  38.519  86.036   0.038  -1.042  2601105.4 417304.1 189653.2  5609.0 53474.4  14852.7  5896.7 10214.9
  1648   0.929  14.151  92.799  75.626   0.038 -151.270  2559420.4 440227.6 225846.5  7205.9 50177.2  13040.6  8573.2  9361.3
  1649 -485.714  14.172  52.995  90.610   0.039 -613.055  2145159.9 372610.9 130672.1  6588.4 43352.3   8518.6  6848.7  8518.4

                     Carbon flux (ktC/yr)                        Water (dam3/yr)                Nitrogen (MgN/yr)
       ----------------------------------------------- ---------------------------------- --------------------------------
Spinup NEP     estab   fire    harvest product NBP     transp     evap    interc  wd      nuptake ndemand  nlosses ninflux
------ ------- ------- ------- ------- ------- ------- ---------- ------- ------- ------- ------- -------- ------- -------
  1650 433.084  14.170  32.584  82.920   0.039 333.838  2561173.7 405589.6 159246.1  5705.1 54483.7  13220.9  9499.5  9692.0
  1651 239.445  14.232  57.528  86.751   0.040 111.487  2826115.7 447914.9 234872.0  5207.7 50806.1  16277.6  6796.9 10851.2
  1652 -282.527  14.279  47.349  81.862   0.040 -395.352  2360687.3 349284.1 121226.7  7061.7 51017.5  10298.2  5248.0  8253.6
  1653 160.321  14.289  38.565  87.237   0.040  50.911  2682499.1 471258.6 187869.5  5272.7 49629.0  13801.2  8269.8 10000.0
  1654 451.296  14.346  17.913  87.213   0.041 362.620  3076017.8 481618.2 328844.5  5351.5 54142.5  17213.4  4549.2 10613.7
  1655 -218.102  14.562 159.017  92.582   0.041 -453.021  2459205.2 343094.0 165747.9  4321.4 47853.3  10091.1  6456.2  9401.1
  1656  33.674  14.274  32.556  81.698   0.041 -64.182  2449446.1 347939.2 149863.9  7497.3 54147.8   8997.6  6639.1  8180.5
  1657 477.948  14.476  75.736  88.657   0.041 330.152  2861643.6 439664.7 237248.4  5289.9 53073.7  15730.6  8625.5 10688.0
  1658 -389.678  14.745 279.367  90.250   0.041 -742.414  2122108.3 306146.4 156641.0  6598.8 50356.5   8591.1  6552.2  8028.3
  1659 -116.799  14.299  33.621  83.480   0.041 -217.460  2310826.1 335479.8 121455.5  7046.7 54761.5   8920.3  6627.5  7624.0
  1660 658.350  14.544  24.124  90.111   0.041 560.798  3227895.7 504202.0 289012.5  6178.7 50678.3  18775.6  9835.1 11524.1
  1661 -241.637  14.842 286.819  91.124   0.040 -602.583  2263053.2 308307.2 165461.8  6527.8 49173.2   9994.1  7220.5  8207.8
  1662 -50.099  14.670 102.378  94.229   0.040 -229.878  2363656.7 333343.2 178919.5  4523.7 49256.1   8599.8  8319.5  8870.7
  1663 -926.074  16.119  39.325  81.273   0.039 -1028.380  1580528.9 311126.3 95647.4  6423.8 45836.1   4164.7  8862.1  6943.6
  1664 1190.931  13.151  18.523  86.931   0.039 1100.790  2963253.9 532958.3 184195.5  6270.1 50353.7  12865.6 13519.5  9116.4
  1665 -392.465  15.262 281.518  91.916   0.039 -748.459  2042549.9 316164.2 170859.1  6570.5 53502.0   7463.9  8995.1  7656.7
  1666 482.775  14.316  59.177  86.447   0.038 353.645  2524795.4 482447.3 174869.4  4869.8 53890.0  13657.0 11291.5  9362.4
  1667 464.089  14.843  41.094  96.808   0.038 343.221  2688989.9 416637.9 198516.3  5970.5 49761.4  11971.8  6152.7  9764.0
  1668 581.659  14.872  57.776  92.933   0.037 448.008  2761503.2 472492.2 272514.8  6135.5 55707.1  14601.8  7934.8  9879.6
  1669 -461.805  15.336 280.753  93.380   0.037 -818.396  2092514.6 317460.7 172088.8  6385.5 49845.6   8436.1  6388.9  7866.8
  1670 -278.125  15.001 237.432  92.961   0.037 -591.311  2070130.4 299683.0 160424.1  6627.1 51123.6   8102.3  8150.8  7727.2
  1671 492.299  14.608  34.279  93.511   0.036 381.325  2563709.5 415095.6 202853.8  5637.2 51562.2  13442.0  9318.4  9437.1
  1672 473.878  15.007  46.434  96.291   0.035 348.372  2880016.3 506292.8 269258.1  4661.4 50745.6  16413.1  7287.2 10371.2
  1673 187.211  15.297 290.022  94.105   0.035 -179.401  2528498.9 357375.3 394773.4  4852.8 48812.4  15194.5 10595.6  9788.6
  1674 314.377  14.917  59.704  87.500   0.034 184.315  2615146.0 492854.8 194593.4  5191.4 50300.6  15266.1  8864.8  9581.2

                     Carbon flux (ktC/yr)                        Water (dam3/yr)                Nitrogen (MgN/yr)
       ----------------------------------------------- ---------------------------------- --------------------------------
Spinup NEP     estab   fire    harvest product NBP     transp     evap    interc  wd      nuptake ndemand  nlosses ninflux
------ ------- ------- ------- ------- ------- ------- ---------- ------- ------- ------- ------- -------- ------- -------
  1675 -382.424  15.610 249.657  92.772   0.034 -707.003  2098799.1 316013.4 179693.1  6684.6 46087.0   8680.9  7354.8  7774.5
  1676 513.555  14.738  36.046  97.961   0.033 396.522  2844744.6 493816.5 248849.4  4714.3 49880.5  15828.7  7709.9 10270.7
  1677 -878.033  16.615  36.995  85.016   0.032 -981.162  1674088.9 322085.9 110262.1  6610.1 42338.8   5127.0  6725.2  7186.9
  1678 577.985  13.908  57.141  87.894   0.032 449.109  2409814.5 501401.4 152770.1  4954.0 48700.5  10810.8 13143.1  8625.9
  1679 759.241  15.246  19.541  89.113   0.032 668.091  3072012.2 551236.5 254970.4  6587.2 49858.9  16344.4  6205.0  9647.1
  1680 -375.997  15.944 240.186  96.502   0.031 -694.469  2100831.4 361847.9 177957.9  6019.8 49316.0   9214.2  5795.7  8261.6
  1681 470.413  14.833  58.742  93.709   0.031 335.064  2765952.0 459466.6 254358.0  5505.7 50703.4  15144.4  8800.2 10234.5
  1682 -450.949  15.852  26.287  97.310   0.030 -556.404  2050427.9 397877.8 154605.2  7174.2 43126.7   7752.7  5618.6  7974.4
  1683 -98.146  15.249  20.669  97.846   0.030 -199.122  2178692.9 354642.6 192159.6  6537.0 46945.7   9007.4  9507.3  8146.8
  1684 -378.106  16.095 239.771  94.208   0.029 -693.698  2009538.6 312468.8 172298.3  6776.5 45682.2   8057.8  8739.6  7621.2
