******************************************************************************
****         _     ____     _           _       ____         ___          ****
****        | |   |  _ \   | |_ __ ___ | |     | ___|       ( _ )         ****
****        | |   | |_) |  | | '_ ` _ \| |     |___ \       / _ \         ****
****        | |___|  __/ |_| | | | | | | |___   ___) |  _  | (_) |        ****
****        |_____|_|   \___/|_| |_| |_|_____| |____/  (_)  \___/         ****
****                                                                      ****
****                 lpjml C Version 5.8.1 (Jan 18 2024)                  ****
****    Dynamic global vegetation model with natural and managed land     ****
****                     Compiled for Linux with MPI                      ****
****       (C) Potsdam Institute for Climate Impact Research (PIK),       ****
****                          see COPYRIGHT file                          ****
****              Authors, and contributors see AUTHORS file              ****
**** This version of LPJmL is licensed under GNU AGPL Version 3 or later  ****
****        See LICENSE file or go to http://www.gnu.org/licenses/        ****
****                 or invoke lpjml -l to print license                  ****
****             Contact: https://github.com/PIK-LPJmL/LPJmL              ****
****                                                                      ****
******************************************************************************

Running for user stenzel on cs-f14c01b07 at Fri Jan 19 16:10:40 2024
Reading configuration from '/p/projects/open/Fabian/runs/metrics_double_cell//configurations/config_pnv_1500_2016.json'.
==============================================================================
Simulation "pnv_1500_2016" running on 2 tasks
Simulation with land fraction read from file, fire, shuffle spinup climate, 
with lakes, nitrogen limitation, permafrost, Johansen conductivity, 
GSI phenology, NPP controlled BNF.
Cultivation types: none, biomass, annual crop
Working directory: /p/projects/open/Fabian/runs/metrics_double_cell
Starting from restart file '/p/projects/open/Fabian/runs/metrics_double_cell//restart/spinup/restart.lpj'.
Input files:
Variable     Fmt  Filename
------------ ---- -------------------------------------------------------------
soil         meta /p/projects/lpjml/input/historical/input_VERSION2/soil.json
coord        clm  /p/projects/lpjml/input/historical/input_VERSION2/grid.bin
landfrac     clm  /p/projects/lpjml/inputs/grid/30min/landfrac_gadm36.bin
temp         clm  /p/projects/lpjml/input/historical/GSWP3-W5E5/tas_gswp3-w5e5_1901-2016.clm
prec         clm  /p/projects/lpjml/input/historical/GSWP3-W5E5/pr_gswp3-w5e5_1901-2016.clm
lwdown       clm  /p/projects/lpjml/input/historical/GSWP3-W5E5/rlds_gswp3-w5e5_1901-2016.clm
swdown       clm  /p/projects/lpjml/input/historical/GSWP3-W5E5/rsds_gswp3-w5e5_1901-2016.clm
no3_depo     clm  /p/projects/lpjml/input/historical/input_VERSION2/no3_deposition_rcp8p5.clm
nh4_depo     clm  /p/projects/lpjml/input/historical/input_VERSION2/nh4_deposition_rcp8p5.clm
soilpH       clm  /p/projects/lpjml/input/historical/input_VERSION2/soil_ph.clm
co2          txt  /p/projects/lpjml/input/historical/input_VERSION2/co2_1841-2018.dat
windspeed    clm  /p/projects/lpjml/input/historical/GSWP3-W5E5/wind_gswp3-w5e5_1901-2016.clm
lakes        meta /p/projects/lpjml/input/historical/input_VERSION2/glwd_lakes_and_rivers.json
------------ ---- -------------------------------------------------------------
Writing restart file '/p/projects/open/Fabian/runs/metrics_double_cell//restart/pnv_1500_2016/restart.lpj' after year 2016.
Reading random seeds from restart file.
Number of output files:       124
Output written in year:       1500
Byte order in output files:   little endian

Variable            Fmt  Unit              Type  dt  nbd Filename
------------------- ---- ----------------- ----- --- --- ----------------------
agb                 raw  gC/m2             float Y     1 /p/projects/open/Fabian/runs/metrics_double_cell//output/pnv_1500_2016/agb.bin + .json
agb_tree            raw  gC/m2             float Y     1 /p/projects/open/Fabian/runs/metrics_double_cell//output/pnv_1500_2016/agb_tree.bin + .json
albedo              raw  -                 float M     1 /p/projects/open/Fabian/runs/metrics_double_cell//output/pnv_1500_2016/albedo.bin + .json
bnf                 raw  gN/m2/month       float M     1 /p/projects/open/Fabian/runs/metrics_double_cell//output/pnv_1500_2016/bnf.bin + .json
bnf_agr             raw  gN/m2/yr          float Y     1 /p/projects/open/Fabian/runs/metrics_double_cell//output/pnv_1500_2016/bnf_agr.bin + .json
cft_evap            raw  mm/yr             float Y    32 /p/projects/open/Fabian/runs/metrics_double_cell//output/pnv_1500_2016/cft_evap.bin + .json
cft_interc          raw  mm/yr             float Y    32 /p/projects/open/Fabian/runs/metrics_double_cell//output/pnv_1500_2016/cft_interc.bin + .json
cft_runoff          raw  mm/growing season float Y    24 /p/projects/open/Fabian/runs/metrics_double_cell//output/pnv_1500_2016/cft_runoff.bin + .json
cft_transp          raw  mm/yr             float Y    32 /p/projects/open/Fabian/runs/metrics_double_cell//output/pnv_1500_2016/cft_transp.bin + .json
cftfrac             raw  -                 float Y    32 /p/projects/open/Fabian/runs/metrics_double_cell//output/pnv_1500_2016/cftfrac.bin + .json
conv_loss_drain     raw  mm/yr             float Y     1 /p/projects/open/Fabian/runs/metrics_double_cell//output/pnv_1500_2016/aconv_loss_drain.bin + .json
conv_loss_evap      raw  mm/yr             float Y     1 /p/projects/open/Fabian/runs/metrics_double_cell//output/pnv_1500_2016/aconv_loss_evap.bin + .json
deforest_emis       raw  gC/m2/yr          float Y     1 /p/projects/open/Fabian/runs/metrics_double_cell//output/pnv_1500_2016/deforest_emis.bin + .json
discharge           raw  hm3/month         float M     1 /p/projects/open/Fabian/runs/metrics_double_cell//output/pnv_1500_2016/discharge.bin + .json
evap                raw  mm/month          float M     1 /p/projects/open/Fabian/runs/metrics_double_cell//output/pnv_1500_2016/evap.bin + .json
evap_b              raw  mm/month          float M     1 /p/projects/open/Fabian/runs/metrics_double_cell//output/pnv_1500_2016/evap_b.bin + .json
fapar               raw  -                 float M     1 /p/projects/open/Fabian/runs/metrics_double_cell//output/pnv_1500_2016/fapar.bin + .json
firec               raw  gC/m2/yr          float Y     1 /p/projects/open/Fabian/runs/metrics_double_cell//output/pnv_1500_2016/firec.bin + .json
firef               raw  yr                float Y     1 /p/projects/open/Fabian/runs/metrics_double_cell//output/pnv_1500_2016/firef.bin + .json
firen               raw  gN/m2/yr          float Y     1 /p/projects/open/Fabian/runs/metrics_double_cell//output/pnv_1500_2016/firen.bin + .json
flux_estabc         raw  gC/m2/yr          float Y     1 /p/projects/open/Fabian/runs/metrics_double_cell//output/pnv_1500_2016/flux_estab.bin + .json
fpc                 raw  -                 float Y    12 /p/projects/open/Fabian/runs/metrics_double_cell//output/pnv_1500_2016/fpc.bin + .json
fpc_bft             raw  -                 float Y    18 /p/projects/open/Fabian/runs/metrics_double_cell//output/pnv_1500_2016/fpc_bft.bin + .json
globalflux          txt  -                 float Y     1 /p/projects/open/Fabian/runs/metrics_double_cell//output/pnv_1500_2016/globalflux.csv + .json
gpp                 raw  gC/m2/month       float M     1 /p/projects/open/Fabian/runs/metrics_double_cell//output/pnv_1500_2016/gpp.bin + .json
grid                raw  degree            short Y     1 /p/projects/open/Fabian/runs/metrics_double_cell//output/pnv_1500_2016/grid.bin + .json
harvestc            raw  gC/m2/yr          float Y     1 /p/projects/open/Fabian/runs/metrics_double_cell//output/pnv_1500_2016/harvestc.bin + .json
harvestc_agr        raw  gC/m2/yr          float Y     1 /p/projects/open/Fabian/runs/metrics_double_cell//output/pnv_1500_2016/harvestc_agr.bin + .json
harvestn            raw  gN/m2/yr          float Y     1 /p/projects/open/Fabian/runs/metrics_double_cell//output/pnv_1500_2016/harvestn.bin + .json
harvestn_agr        raw  gN/m2/yr          float Y     1 /p/projects/open/Fabian/runs/metrics_double_cell//output/pnv_1500_2016/harvestn_agr.bin + .json
interc              raw  mm/month          float M     1 /p/projects/open/Fabian/runs/metrics_double_cell//output/pnv_1500_2016/interc.bin + .json
interc_b            raw  mm/month          float M     1 /p/projects/open/Fabian/runs/metrics_double_cell//output/pnv_1500_2016/intec_b.bin + .json
irrig               raw  mm/month          float M     1 /p/projects/open/Fabian/runs/metrics_double_cell//output/pnv_1500_2016/irrig.bin + .json
irrig_stor          raw  dm3               float M     1 /p/projects/open/Fabian/runs/metrics_double_cell//output/pnv_1500_2016/irrig_stor.bin + .json
lake_area           raw  m2                float Y     1 /p/projects/open/Fabian/runs/metrics_double_cell//output/pnv_1500_2016/lake_area.bin + .json
lakevol             raw  dm3               float M     1 /p/projects/open/Fabian/runs/metrics_double_cell//output/pnv_1500_2016/lakevol.bin + .json
land_area           raw  m2                float Y     1 /p/projects/open/Fabian/runs/metrics_double_cell//output/pnv_1500_2016/land_area.bin + .json
leaching            raw  gN/m2/month       float M     1 /p/projects/open/Fabian/runs/metrics_double_cell//output/pnv_1500_2016/leaching.bin + .json
litc                raw  gC/m2             float Y     1 /p/projects/open/Fabian/runs/metrics_double_cell//output/pnv_1500_2016/litc.bin + .json
litn                raw  gN/m2             float Y     1 /p/projects/open/Fabian/runs/metrics_double_cell//output/pnv_1500_2016/litn.bin + .json
maxthaw_depth       raw  mm                float Y     1 /p/projects/open/Fabian/runs/metrics_double_cell//output/pnv_1500_2016/axthaw_depth.bin + .json
mg_litc             raw  gC/m2             float Y     1 /p/projects/open/Fabian/runs/metrics_double_cell//output/pnv_1500_2016/mg_litc.bin + .json
mg_soilc            raw  gC/m2             float Y     1 /p/projects/open/Fabian/runs/metrics_double_cell//output/pnv_1500_2016/mg_soilc.bin + .json
mg_vegc             raw  gC/m2             float Y     1 /p/projects/open/Fabian/runs/metrics_double_cell//output/pnv_1500_2016/mg_vegc.bin + .json
n2_agr              raw  gN/m2/yr          float Y     1 /p/projects/open/Fabian/runs/metrics_double_cell//output/pnv_1500_2016/n2_agr.bin + .json
n2_emis             raw  gN/m2/month       float M     1 /p/projects/open/Fabian/runs/metrics_double_cell//output/pnv_1500_2016/n2_emis.bin + .json
n2o_denit           raw  gN/m2/month       float M     1 /p/projects/open/Fabian/runs/metrics_double_cell//output/pnv_1500_2016/n2o_denit.bin + .json
n2o_denit_agr       raw  gN/m2/yr          float Y     1 /p/projects/open/Fabian/runs/metrics_double_cell//output/pnv_1500_2016/n2o_denit_agr.bin + .json
n2o_nit             raw  gN/m2/month       float M     1 /p/projects/open/Fabian/runs/metrics_double_cell//output/pnv_1500_2016/n2o_nit.bin + .json
n2o_nit_agr         raw  gN/m2/yr          float Y     1 /p/projects/open/Fabian/runs/metrics_double_cell//output/pnv_1500_2016/n2o_nit_agr.bin + .json
n_immo              raw  gN/m2/month       float M     1 /p/projects/open/Fabian/runs/metrics_double_cell//output/pnv_1500_2016/n_immo.bin + .json
n_mineralization    raw  gN/m2/month       float M     1 /p/projects/open/Fabian/runs/metrics_double_cell//output/pnv_1500_2016/n_mineralization.bin + .json
n_volatilization    raw  gN/m2/month       float M     1 /p/projects/open/Fabian/runs/metrics_double_cell//output/pnv_1500_2016/n_volatilization.bin + .json
ndepo_agr           raw  gN/m2/yr          float Y     1 /p/projects/open/Fabian/runs/metrics_double_cell//output/pnv_1500_2016/ndepo_agr.bin + .json
ndepos              raw  gN/m2/yr          float Y     1 /p/projects/open/Fabian/runs/metrics_double_cell//output/pnv_1500_2016/ndepos.bin + .json
nfert_agr           raw  gN/m2/yr          float Y     1 /p/projects/open/Fabian/runs/metrics_double_cell//output/pnv_1500_2016/nfert_agr.bin + .json
nh3_agr             raw  gN/m2/yr          float Y     1 /p/projects/open/Fabian/runs/metrics_double_cell//output/pnv_1500_2016/nh3_agr.bin + .json
nimmobilization_agr raw  gN/m2/yr          float Y     1 /p/projects/open/Fabian/runs/metrics_double_cell//output/pnv_1500_2016/nimmobilization_agr.bin + .json
nleaching_agr       raw  gN/m2/yr          float Y     1 /p/projects/open/Fabian/runs/metrics_double_cell//output/pnv_1500_2016/nleaching_agr.bin + .json
nmanure_agr         raw  gN/m2/yr          float Y     1 /p/projects/open/Fabian/runs/metrics_double_cell//output/pnv_1500_2016/nmanure_agr.bin + .json
nmineralization_agr raw  gN/m2/yr          float Y     1 /p/projects/open/Fabian/runs/metrics_double_cell//output/pnv_1500_2016/nmineralization_agr.bin + .json
npp                 raw  gC/m2/month       float M     1 /p/projects/open/Fabian/runs/metrics_double_cell//output/pnv_1500_2016/npp.bin + .json
nuptake             raw  gN/m2/month       float M     1 /p/projects/open/Fabian/runs/metrics_double_cell//output/pnv_1500_2016/nuptake.bin + .json
nuptake_agr         raw  gN/m2/yr          float Y     1 /p/projects/open/Fabian/runs/metrics_double_cell//output/pnv_1500_2016/nuptake_agr.bin + .json
perc                raw  mm/month          float M     6 /p/projects/open/Fabian/runs/metrics_double_cell//output/pnv_1500_2016/perc.bin + .json
pet                 raw  mm/month          float M     1 /p/projects/open/Fabian/runs/metrics_double_cell//output/pnv_1500_2016/pet.bin + .json
pft_chawo           raw  gC/m2             float Y    43 /p/projects/open/Fabian/runs/metrics_double_cell//output/pnv_1500_2016/pft_chawo.bin + .json
pft_cleaf           raw  gC/m2             float Y    43 /p/projects/open/Fabian/runs/metrics_double_cell//output/pnv_1500_2016/pft_cleaf.bin + .json
pft_croot           raw  gC/m2             float Y    43 /p/projects/open/Fabian/runs/metrics_double_cell//output/pnv_1500_2016/pft_croot.bin + .json
pft_csapw           raw  gC/m2             float Y    43 /p/projects/open/Fabian/runs/metrics_double_cell//output/pnv_1500_2016/pft_csapw.bin + .json
pft_harvestc        raw  gC/m2/yr          float Y    32 /p/projects/open/Fabian/runs/metrics_double_cell//output/pnv_1500_2016/pft_harvest.pft.bin + .json
pft_harvestn        raw  gN/m2/yr          float Y    32 /p/projects/open/Fabian/runs/metrics_double_cell//output/pnv_1500_2016/pft_harvestn.pft.bin + .json
pft_laimax          raw  m2/m2             float Y    43 /p/projects/open/Fabian/runs/metrics_double_cell//output/pnv_1500_2016/pft_laimax.bin + .json
pft_ndemand         raw  gN/yr             float Y    43 /p/projects/open/Fabian/runs/metrics_double_cell//output/pnv_1500_2016/pft_ndemand.bin + .json
pft_nhawo           raw  gN/m2             float Y    43 /p/projects/open/Fabian/runs/metrics_double_cell//output/pnv_1500_2016/pft_nhawo.bin + .json
pft_nleaf           raw  gN/m2             float Y    43 /p/projects/open/Fabian/runs/metrics_double_cell//output/pnv_1500_2016/pft_nleaf.bin + .json
pft_nlimit          raw  -                 float Y    43 /p/projects/open/Fabian/runs/metrics_double_cell//output/pnv_1500_2016/pft_nlimit.bin + .json
pft_nroot           raw  gN/m2             float Y    43 /p/projects/open/Fabian/runs/metrics_double_cell//output/pnv_1500_2016/pft_nroot.bin + .json
pft_nsapw           raw  gN/m2             float Y    43 /p/projects/open/Fabian/runs/metrics_double_cell//output/pnv_1500_2016/pft_nsapw.bin + .json
pft_nuptake         raw  gN/m2/yr          float Y    43 /p/projects/open/Fabian/runs/metrics_double_cell//output/pnv_1500_2016/pft_nuptake.bin + .json
pft_rharvestc       raw  gC/m2/yr          float Y    32 /p/projects/open/Fabian/runs/metrics_double_cell//output/pnv_1500_2016/pft_rharvest.pft.bin + .json
pft_rharvestn       raw  gN/m2/yr          float Y    32 /p/projects/open/Fabian/runs/metrics_double_cell//output/pnv_1500_2016/pft_rharvestn.pft.bin + .json
pft_vegc            raw  gC/m2             float Y    43 /p/projects/open/Fabian/runs/metrics_double_cell//output/pnv_1500_2016/pft_vegc.bin + .json
pft_vegn            raw  gN/m2             float Y    43 /p/projects/open/Fabian/runs/metrics_double_cell//output/pnv_1500_2016/pft_vegn.bin + .json
pft_water_demand    raw  mm/yr             float Y    43 /p/projects/open/Fabian/runs/metrics_double_cell//output/pnv_1500_2016/pft_water_demand.bin + .json
phen_light          raw  -                 float M     1 /p/projects/open/Fabian/runs/metrics_double_cell//output/pnv_1500_2016/phen_light.bin + .json
phen_tmax           raw  -                 float M     1 /p/projects/open/Fabian/runs/metrics_double_cell//output/pnv_1500_2016/phen_tmax.bin + .json
phen_tmin           raw  -                 float M     1 /p/projects/open/Fabian/runs/metrics_double_cell//output/pnv_1500_2016/phen_tmin.bin + .json
phen_water          raw  -                 float M     1 /p/projects/open/Fabian/runs/metrics_double_cell//output/pnv_1500_2016/phen_water.bin + .json
prod_turnover       raw  gC/m2/yr          float Y     1 /p/projects/open/Fabian/runs/metrics_double_cell//output/pnv_1500_2016/prod_turnover.bin + .json
rd                  raw  gC/m2/month       float M     1 /p/projects/open/Fabian/runs/metrics_double_cell//output/pnv_1500_2016/rd.bin + .json
res_storage         raw  dm3               float M     1 /p/projects/open/Fabian/runs/metrics_double_cell//output/pnv_1500_2016/res_storage.bin + .json
return_flow_b       raw  mm/month          float M     1 /p/projects/open/Fabian/runs/metrics_double_cell//output/pnv_1500_2016/return_flow_b.bin + .json
rh                  raw  gC/m2/month       float M     1 /p/projects/open/Fabian/runs/metrics_double_cell//output/pnv_1500_2016/rh.bin + .json
rivervol            raw  dm3               float M     1 /p/projects/open/Fabian/runs/metrics_double_cell//output/pnv_1500_2016/rivervol.bin + .json
runoff              raw  mm/month          float M     1 /p/projects/open/Fabian/runs/metrics_double_cell//output/pnv_1500_2016/runoff.bin + .json
sdate               raw  -                 short Y    24 /p/projects/open/Fabian/runs/metrics_double_cell//output/pnv_1500_2016/sdate.bin + .json
seasonality         raw  -                 short Y     1 /p/projects/open/Fabian/runs/metrics_double_cell//output/pnv_1500_2016/seasonality.bin + .json
seedn_agr           raw  gN/m2/yr          float Y     1 /p/projects/open/Fabian/runs/metrics_double_cell//output/pnv_1500_2016/seedn_agr.bin + .json
soilc               raw  gC/m2             float Y     1 /p/projects/open/Fabian/runs/metrics_double_cell//output/pnv_1500_2016/soilc.bin + .json
soilc_layer         raw  gC/m2             float Y     5 /p/projects/open/Fabian/runs/metrics_double_cell//output/pnv_1500_2016/soilc_layer.bin + .json
soiln               raw  gN/m2             float Y     1 /p/projects/open/Fabian/runs/metrics_double_cell//output/pnv_1500_2016/soiln.bin + .json
soiln_layer         raw  gN/m2             float Y     5 /p/projects/open/Fabian/runs/metrics_double_cell//output/pnv_1500_2016/soiln_layer.bin + .json
soiln_slow          raw  gN/m2             float Y     1 /p/projects/open/Fabian/runs/metrics_double_cell//output/pnv_1500_2016/soiln_slow.bin + .json
soilnh4             raw  gN/m2             float Y     1 /p/projects/open/Fabian/runs/metrics_double_cell//output/pnv_1500_2016/soilnh4.bin + .json
soilnh4_layer       raw  gN/m2             float Y     5 /p/projects/open/Fabian/runs/metrics_double_cell//output/pnv_1500_2016/soilnh4_layer.bin + .json
soilno3             raw  gN/m2             float Y     1 /p/projects/open/Fabian/runs/metrics_double_cell//output/pnv_1500_2016/soilno3.bin + .json
soilno3_layer       raw  gN/m2             float Y     5 /p/projects/open/Fabian/runs/metrics_double_cell//output/pnv_1500_2016/soilno3_layer.bin + .json
soiltemp1           raw  Celsius           float M     1 /p/projects/open/Fabian/runs/metrics_double_cell//output/pnv_1500_2016/soiltemp1.bin + .json
soiltemp2           raw  Celsius           float M     1 /p/projects/open/Fabian/runs/metrics_double_cell//output/pnv_1500_2016/soiltemp2.bin + .json
soiltemp3           raw  Celsius           float M     1 /p/projects/open/Fabian/runs/metrics_double_cell//output/pnv_1500_2016/soiltemp3.bin + .json
swc                 raw  -                 float M     6 /p/projects/open/Fabian/runs/metrics_double_cell//output/pnv_1500_2016/swc.bin + .json
swc1                raw  -                 float M     1 /p/projects/open/Fabian/runs/metrics_double_cell//output/pnv_1500_2016/swc1.bin + .json
swc2                raw  -                 float M     1 /p/projects/open/Fabian/runs/metrics_double_cell//output/pnv_1500_2016/swc2.bin + .json
swc_vol             raw  dm3               float M     5 /p/projects/open/Fabian/runs/metrics_double_cell//output/pnv_1500_2016/swc_vol.bin + .json
swe                 raw  mm                float M     1 /p/projects/open/Fabian/runs/metrics_double_cell//output/pnv_1500_2016/swe.bin + .json
terr_area           raw  m2                float Y     1 /p/projects/open/Fabian/runs/metrics_double_cell//output/pnv_1500_2016/terr_area.bin + .json
timber_harvestc     raw  gC/m2/yr          float Y     1 /p/projects/open/Fabian/runs/metrics_double_cell//output/pnv_1500_2016/timber_harvestc.bin + .json
transp              raw  mm/month          float M     1 /p/projects/open/Fabian/runs/metrics_double_cell//output/pnv_1500_2016/transp.bin + .json
transp_b            raw  mm/month          float M     1 /p/projects/open/Fabian/runs/metrics_double_cell//output/pnv_1500_2016/transp_b.bin + .json
uptakec_mgrass      raw  gC/m2             float Y     1 /p/projects/open/Fabian/runs/metrics_double_cell//output/pnv_1500_2016/uptakec_mgrass.bin + .json
vegc                raw  gC/m2             float Y     1 /p/projects/open/Fabian/runs/metrics_double_cell//output/pnv_1500_2016/vegc.bin + .json
vegn                raw  gN/m2             float Y     1 /p/projects/open/Fabian/runs/metrics_double_cell//output/pnv_1500_2016/vegn.bin + .json
wateramount         raw  hm3               float M     1 /p/projects/open/Fabian/runs/metrics_double_cell//output/pnv_1500_2016/wateramount.bin + .json
------------------- ---- ----------------- ----- --- --- ----------------------
PFT-specific output is grid scaled.
Spinup years:                   401
Cycle length during spinup:      30
First year:                    1901
Last year:                     2016
Index of first cell:          47459
Number of grid cells:             2
==============================================================================
Memory allocated for output: 9,160 bytes/cell
Simulation begins...
Spinup using climate starting from year 1901

             Carbon flux (ktC/yr)            Water (dam3/yr)                Nitrogen (MgN/yr)
       ------------------------------- -------------------------- --------------------------------
Spinup NEP     estab   fire    NBP     transp     evap    interc  nuptake ndemand  nlosses ninflux
------ ------- ------- ------- ------- ---------- ------- ------- ------- -------- ------- -------
  1500 -394.473   0.339  33.759 -427.882  2500288.5 177254.2 151556.4 48616.8   9623.5  6229.0  7352.7
  1501 -218.195  -0.018  24.500 -242.701  2472521.1 199532.1 211425.0 44128.9  10805.1  8836.7  7256.8
  1502 361.828  -0.202  63.583 298.044  3155473.7 194123.2 294571.8 48958.5  18307.9  9305.4 10017.6
  1503 350.241  -0.028  63.153 287.060  3251715.6 193147.6 307411.1 50199.7  18863.6  7376.2 10085.3
  1504 345.382   0.019  24.945 320.455  3456266.8 234559.6 517691.8 50611.5  20253.8  7671.9 11114.3
  1505 221.703   0.079 113.994 107.788  3233252.9 198755.7 211454.5 50258.6  20361.7  6734.1  9865.5
  1506 205.787  -0.022  42.378 163.390  2909921.9 224600.6 240440.2 52535.4  15811.8  7832.9  8679.9
  1507 384.938   0.028  17.871 367.095  3596251.3 260060.7 296108.2 54966.6  21173.6  5757.6 10686.1
  1508 300.776   0.027  18.458 282.345  3576532.5 243514.3 402547.6 55733.1  21819.8  4412.6 10194.3
  1509 -80.307   0.043  81.015 -161.279  2916579.7 268983.8 213031.0 52878.4  18024.0  8127.3  9277.0
  1510  66.176   0.005  47.546  18.635  3114904.9 222486.0 294339.7 51763.5  17494.5  7158.7  9783.9
  1511 -47.990   0.019  33.367 -81.336  3129812.9 231809.8 232202.6 50547.3  17201.8  8322.4  9639.4
  1512 236.026   0.014  17.512 218.528  3462680.8 227155.3 386065.9 54487.9  20103.1  4508.8 10151.4
  1513 -102.852   0.029  38.072 -140.860  2910336.0 168246.7 189102.3 50417.8  12958.1  5383.5  8393.6
  1514 456.589   0.028  18.435 438.182  3562750.9 249082.1 281260.1 57250.4  19940.2  5409.2 10775.4
  1515 -823.518   0.501  26.303 -849.299  2438062.3 231765.1 172539.6 42915.0   8454.2  5950.5  7480.5
  1516 -340.258   0.092 235.066 -575.226  2290630.2 176644.2 160382.7 55904.5   8791.2  8342.3  7313.0
  1517 601.772  -0.506  60.573 540.694  3038118.4 205889.1 176103.6 55971.7  16319.2 10542.7  9699.4
  1518 -84.950   0.079 120.990 -205.857  2606091.3 197696.9 184684.7 49179.2  10874.6  6803.4  8401.0
  1519 447.834  -0.021  60.875 386.938  3000635.4 197547.8 193646.4 55854.5  16484.5  9031.4  9617.7
  1520 -503.603   0.326  33.465 -536.728  2448781.6 186130.4 143392.3 51021.9   8734.9  5719.8  7354.6
  1521 492.433  -0.268  17.366 474.799  3465990.7 249963.8 272665.1 55235.8  19229.4  5801.5 10104.2
  1522 251.600   0.029  41.579 210.053  2925356.9 229884.4 228541.6 54863.0  15185.5  5771.7  8698.2
  1523 316.088   0.028  70.292 245.826  3147992.1 214179.2 189594.8 57006.3  17110.8  8917.5  9941.4
  1524 268.646   0.028  67.085 201.590  3178820.9 210411.7 187551.4 56826.5  16945.6  6239.7  9999.3

             Carbon flux (ktC/yr)            Water (dam3/yr)                Nitrogen (MgN/yr)
       ------------------------------- -------------------------- --------------------------------
Spinup NEP     estab   fire    NBP     transp     evap    interc  nuptake ndemand  nlosses ninflux
------ ------- ------- ------- ------- ---------- ------- ------- ------- -------- ------- -------
  1525 181.239   0.028  51.980 129.287  3208961.9 259281.9 275263.2 55474.5  19193.1  4301.9  9914.3
  1526 -164.129   0.068 107.287 -271.344  2666283.1 199008.2 176765.1 52248.9  11334.8  5983.5  8648.6
  1527  89.205   0.242 359.073 -269.626  2713931.8 142148.4 417311.6 53459.1  15706.5 11525.1  8757.4
  1528  97.056  -0.179 110.289 -13.409  2987935.5 182059.5 198212.0 49648.1  16480.4 11150.0  9229.4
  1529 -683.124   0.616  21.580 -704.074  2354868.6 209344.5 186174.4 41469.8   7082.8  7373.3  7019.5
  1530 389.395  -0.585  67.683 321.128  2771819.4 253019.7 197947.8 54346.4  15564.6 12628.3  8591.4
  1531 374.660   0.012  23.772 350.900  3421479.3 237773.1 503402.3 51036.7  19411.4  8401.6 10909.6
  1532 172.417   0.223 332.150 -159.510  3035495.8 146046.5 435843.7 51623.6  19446.3  7574.7  9309.7
  1533 297.193  -0.165  48.071 248.957  3176268.6 212680.3 302207.9 52814.2  17078.7  8613.3  9465.8
  1534 258.540   0.027  26.205 232.363  3459321.2 229152.1 508127.8 51708.2  20007.2  7858.9 11099.6
  1535 -131.553   0.200 254.545 -385.884  2722216.4 170454.0 189430.0 49178.7  14812.6  5577.8  8604.6
  1536 477.014  -0.141  25.236 451.637  3582862.9 209860.8 338309.6 53146.2  20196.2 11026.8 10942.4
  1537   5.509   0.073 120.273 -114.690  3113684.4 196662.5 211722.6 48360.5  18060.2  7546.9  9406.5
  1538  38.266   0.073 195.083 -156.743  2945579.5 221737.5 462975.3 48532.1  16713.5  9271.5  9176.1
  1539 289.174  -0.059  44.320 244.796  3249753.4 244570.7 302794.7 51258.1  19444.6  6171.5  9590.1
  1540 -52.034   0.030  29.010 -81.000  2860144.9 166193.2 202873.6 48578.4  12389.1  5357.5  7914.6
  1541 360.272   0.029  17.149 343.151  3549996.2 252698.5 305087.4 52781.5  20921.7  5475.4 10474.1
  1542  98.292   0.029  41.369  56.962  3123877.1 199821.9 228019.0 46989.0  15621.1  4812.9  9190.2
  1543 -1315.039   1.931  49.671 -1362.762  1729223.9 188305.0 117416.8 45364.0   4457.3  7614.8  6325.1
  1544 778.300  -1.873  16.192 760.234  3371193.7 264019.1 218494.2 57005.7  17268.2  9892.4  9574.2
  1545 -718.524   0.758  23.169 -740.912  2377278.0 226811.4 183774.2 44523.8   7296.5  6827.9  7160.1
  1546 686.068  -0.700  68.122 617.248  3058398.1 205825.6 175327.4 59598.2  15670.7 11912.3  9462.5
  1547 107.151   0.029  30.155  77.034  3021586.4 238836.6 236964.9 51253.0  14011.6  7914.9  9178.6
  1548 167.039   0.029  43.013 124.060  2795755.0 222640.5 237159.6 52905.8  13180.8  6047.7  8533.7
  1549 -244.302   0.099  29.254 -273.445  2561608.8 203269.7 214535.4 49540.9  10794.8  8968.1  7360.7

             Carbon flux (ktC/yr)            Water (dam3/yr)                Nitrogen (MgN/yr)
       ------------------------------- -------------------------- --------------------------------
Spinup NEP     estab   fire    NBP     transp     evap    interc  nuptake ndemand  nlosses ninflux
------ ------- ------- ------- ------- ---------- ------- ------- ------- -------- ------- -------
  1550 153.541  -0.040  30.743 122.764  3046820.8 233259.4 234939.2 51451.5  15573.3  9494.4  9250.9
  1551 -113.414   0.106 124.106 -237.410  2631069.1 195025.9 190545.5 48274.3  11217.8  6515.8  8465.8
  1552 335.727  -0.046  45.959 289.728  2884167.9 186752.1 217697.9 50927.1  12818.1  6288.2  8612.4
  1553 495.441   0.026  26.326 469.141  3421832.9 245812.0 493553.4 55714.5  18537.1  9544.5 10630.7
  1554 -204.294   0.105 148.927 -353.105  2921826.8 153599.4 210040.3 49162.1  13416.7  5467.2  8807.1
  1555 214.765  -0.043  30.359 184.368  2866314.8 209167.4 199615.7 54933.3  14826.7  9386.1  9120.0
  1556 111.180   0.025  35.761  75.451  2927818.1 193203.6 218845.8 48001.2  13784.0  6024.1  8927.7
  1557 -646.911   0.438  36.633 -683.094  2133553.4 228060.0 160206.0 45681.8   7785.8  7996.6  7034.6
  1558 -864.436   0.749  17.266 -880.935  2125952.1 220079.0 169638.8 43574.4   5462.1  8884.5  6563.8
  1559 446.736  -1.081  64.331 381.324  2678006.5 257591.6 177986.5 55657.2  13743.8 12920.1  8354.9
  1560 585.878   0.010  24.297 561.590  3437844.8 237272.3 496243.2 53462.6  19126.0  9962.6 10774.6
  1561 -172.379   0.231 295.130 -467.265  2611612.1 167686.0 188412.8 52462.9  11883.9  7379.7  7769.3
  1562 367.708  -0.072 200.376 167.262  2929044.9 214668.4 451700.1 51840.7  15870.4 13072.9  8804.3
  1563 463.912  -0.071  17.878 445.966  3322149.6 291016.3 303562.8 53994.6  16009.5  7678.0  9098.5
  1564 533.635   0.028  24.267 509.396  3554868.6 280992.2 276389.6 54767.8  20698.5  5773.7  9728.2
  1565 -99.854   0.066  97.349 -197.133  2869140.0 236202.9 293600.5 51544.2  14392.0  9100.2  8977.5
  1566 163.036  -0.010  26.797 136.229  3433650.2 236702.4 491849.1 51979.7  19305.7  7773.6 11104.1
  1567 331.024   0.026  27.162 303.888  3606915.4 222295.5 492066.6 53469.4  23022.6  5709.3 11787.7
  1568 -830.596   0.699  64.313 -894.178  2200370.4 175305.8 113652.1 45300.1   8983.3  6033.4  7639.2
  1569 550.020  -0.642  23.999 525.379  3259392.6 202021.6 202735.0 57764.6  16467.2 10064.9 10294.4
  1570 -243.896   0.161 140.080 -383.805  2756848.7 150033.7 204791.5 49254.2  11441.0  5524.6  8455.3
  1571 313.302  -0.103  44.876 268.328  2881232.2 185688.5 206540.6 52106.0  12368.9  7729.5  8659.9
  1572 369.048   0.041  77.933 291.157  3127949.1 197011.5 290900.7 55590.8  17309.0  8611.2  9997.1
  1573 -214.724   0.094 126.485 -341.109  2620413.2 197944.2 184537.9 48717.9  11324.3  6514.6  8588.7
  1574 -361.239   0.179  90.176 -451.229  2462712.4 147664.2 204275.5 49846.6   8633.5  6678.3  7534.7

             Carbon flux (ktC/yr)            Water (dam3/yr)                Nitrogen (MgN/yr)
       ------------------------------- -------------------------- --------------------------------
Spinup NEP     estab   fire    NBP     transp     evap    interc  nuptake ndemand  nlosses ninflux
------ ------- ------- ------- ------- ---------- ------- ------- ------- -------- ------- -------
  1575 -285.143   0.170  85.442 -370.407  2440428.7 146030.8 198281.0 49949.9   8332.2  7434.9  7451.1
  1576 642.444  -0.341  22.117 619.986  3387791.6 233996.9 463804.2 55231.6  18597.7 11083.7 10621.6
  1577 369.587   0.132 211.626 158.094  3191141.2 222607.1 452797.1 52272.0  18447.3  7961.7  9363.5
  1578 -161.333   0.015  28.520 -189.825  2643484.4 190047.3 215476.7 49899.5  11629.2 10888.1  7526.2
  1579 -719.312   0.633  23.582 -742.246  2349612.1 220087.4 182781.2 43350.9   6810.5  8551.3  6998.9
  1580 506.645  -0.591  46.292 459.769  2949364.1 191061.2 197371.5 52576.7  12737.7  9824.5  8391.5
  1581 278.417  -0.043  43.971 234.409  2812998.1 225845.2 237510.6 54087.6  13353.2  8682.6  8377.3
  1582 242.715   0.029  49.503 193.241  3199107.7 272562.5 291583.2 53049.7  18690.7  7315.5  9402.5
  1583 250.457   0.029  39.268 211.221  2919880.3 225044.9 237549.8 53840.7  16021.0  6614.5  8741.8
  1584 -309.251   0.189  30.813 -339.860  2611620.9 205757.3 216391.2 47782.3  11772.9  9612.7  7512.0
  1585 235.088  -0.119  66.438 168.531  3199300.5 197083.4 286541.3 52673.4  18549.7  9229.4 10221.1
  1586 243.074   0.017  51.207 191.883  3273910.7 247911.4 291879.0 52104.9  20117.8  5029.4  9916.7
  1587  55.858   0.097 117.985 -62.029  2971990.8 195722.2 202926.3 50545.0  17066.8  8364.8  9346.9
  1588 -61.065  -0.039  33.496 -94.583  2815750.9 165379.5 189663.6 51739.0  11385.6  5475.2  7791.3
  1589 373.770   0.029  25.957 347.841  3592397.0 212359.5 338683.9 51884.7  20819.4 10013.1 10954.4
  1590 178.700   0.029  56.807 121.924  3321133.7 207667.7 194725.6 52062.4  19076.4  6432.2 10362.3
  1591  66.020   0.029  28.866  37.188  3048181.4 218943.7 200293.1 52098.7  17299.4  5995.5  9703.4
  1592 195.660   0.028  22.853 172.835  3571036.7 215944.9 331733.6 51560.9  20822.3  8070.6 11195.6
  1593 236.205   0.028  26.150 210.082  3743546.1 214550.3 329182.2 52213.1  21962.6  7034.7 11478.3
  1594  25.759   0.028  37.806 -12.020  3303510.0 236841.6 226901.2 52399.2  18692.5  6628.6  9978.5
  1595 -274.754   0.092 126.046 -400.702  2698267.5 196031.0 180352.0 48262.2  11950.4  7121.1  8902.2
  1596 531.212  -0.034  22.613 508.565  3419361.2 263505.8 255919.4 56951.4  18524.3  5713.3  9619.8
  1597 240.131   0.027  30.735 209.423  3440782.1 249091.4 477020.0 54232.6  18894.6  8200.6 11081.4
  1598 -124.949   0.040  59.923 -184.824  2883692.2 183741.3 141860.6 54750.7  15044.6  5015.9  8588.5
  1599 101.106   0.018  57.175  43.950  3088469.6 208553.4 184107.4 53741.5  16776.6  8729.8 10088.9

             Carbon flux (ktC/yr)            Water (dam3/yr)                Nitrogen (MgN/yr)
       ------------------------------- -------------------------- --------------------------------
Spinup NEP     estab   fire    NBP     transp     evap    interc  nuptake ndemand  nlosses ninflux
------ ------- ------- ------- ------- ---------- ------- ------- ------- -------- ------- -------
  1600 343.681   0.028  19.113 324.596  3619434.5 251303.0 276012.7 56937.3  21104.5  3662.0 11189.4
  1601   0.165   0.046  75.166 -74.955  2942294.4 265213.6 197782.0 54962.8  17911.5  6443.0  9361.5
  1602 259.045   0.009  19.430 239.625  3452484.4 236482.1 370449.5 57968.0  19205.4  4997.9 10116.6
  1603 236.940   0.027  20.103 216.864  3503278.7 238794.8 369393.4 57685.8  19749.6  5287.6 10296.5
  1604 191.178   0.026  20.262 170.941  3491632.8 239520.0 365561.8 58552.4  19851.2  5185.5 10366.6
  1605 -302.737   0.382 370.443 -672.798  2795625.9 149295.2 392221.5 51548.5  15683.2 10887.2  9184.2
  1606 568.305  -0.335  24.206 543.764  3557350.2 252925.2 241381.3 60812.5  19061.0  5206.8 10269.3
  1607  92.358   0.029  72.703  19.684  3237145.6 201498.7 272638.8 53880.0  18196.8  8279.7 10615.8
  1608 -405.847   0.117 150.344 -556.068  2738365.7 147852.2 191670.6 50380.8  11364.2  5649.6  8490.8
  1609 -803.185   0.428  21.590 -824.313  2263206.6 207302.4 164894.6 45700.2   6099.9  7867.0  6895.7
  1610 778.545  -0.474  26.230 751.841  3424819.2 235047.3 440291.8 59956.7  17693.4 11353.3 10434.5
  1611 -132.098   0.308 292.440 -424.218  2679618.9 169787.4 173150.3 52068.8  13765.8  6308.2  8506.3
  1612 -190.303  -0.070 113.316 -303.681  2581685.0 143473.7 194081.7 54079.5   8591.0  8520.3  7673.0
  1613 -744.129   0.650  19.498 -762.961  2211945.0 209511.0 169047.8 45731.1   5652.1  9092.8  6708.4
  1614 526.053  -0.741  97.668 427.643  2788065.9 211952.6 250153.1 58920.6  12460.9 13116.9  8082.0
  1615 465.399   0.000  48.259 417.149  3092526.9 184943.8 215911.0 50899.1  14041.3  8154.5  8862.4
  1616 150.021   0.274 384.945 -234.650  2749923.9 147702.4 428009.9 54000.5  15590.9 13815.7  8600.7
  1617 -603.461   0.244  23.566 -626.762  2440335.0 206737.9 180995.4 46280.6   6981.9  7922.7  7062.1
  1618 464.325  -0.432  41.878 422.018  2829299.1 217105.0 225519.7 56855.6  14074.6 11456.9  8159.3
  1619 401.676   0.029  19.018 382.689  3306512.6 318626.2 302699.0 52902.6  16364.8  8590.4  9098.3
  1620  29.702   0.048  97.685 -67.932  2884023.2 228515.2 292905.9 52330.5  14306.7  9951.9  8875.4
  1621 284.505   0.008  27.873 256.641  3455431.0 235628.9 493597.0 53155.4  19341.5  8378.1 11020.9
  1622 544.451   0.025  19.621 524.855  3734653.1 232097.0 398419.8 57914.9  24531.3  4079.9 10639.3
  1623 -77.679   0.159 235.575 -313.092  2995887.3 234639.1 437599.0 51665.4  16123.3  9276.6  9252.0
  1624  56.788  -0.108  32.047  24.637  3103612.4 225961.0 226104.4 53032.6  15998.7 11160.5  9541.1

             Carbon flux (ktC/yr)            Water (dam3/yr)                Nitrogen (MgN/yr)
       ------------------------------- -------------------------- --------------------------------
Spinup NEP     estab   fire    NBP     transp     evap    interc  nuptake ndemand  nlosses ninflux
------ ------- ------- ------- ------- ---------- ------- ------- ------- -------- ------- -------
  1625 199.906   0.021  27.273 172.655  3427554.8 231705.9 488269.6 52565.4  19155.8  7490.0 11138.1
  1626 -35.032   0.028  30.646 -65.645  2910260.3 192282.6 212000.5 50213.4  14855.0  6024.5  8329.5
  1627 -586.685   0.179  45.186 -631.652  2303001.7 221855.4 157679.7 44875.5   8552.4  8769.3  7362.1
  1628 -238.951   0.113  96.967 -335.797  2524178.9 145996.5 200399.3 51545.5   8655.6  8792.6  7521.6
  1629 476.245  -0.194  71.664 404.387  3139851.2 186571.6 281797.2 53850.7  17551.3  9575.1 10025.2
  1630 138.137   0.043  95.277  42.906  2892377.0 216682.7 288693.2 52954.1  14127.6  8404.1  8935.1
  1631 274.536   0.005  46.597 227.950  3099198.2 187788.3 215056.0 49387.8  14603.9  6750.6  9008.5
  1632 544.166   0.029  24.510 519.685  3470561.2 283093.7 267265.3 57707.8  18702.0  6439.5  9509.5
  1633 -946.549   0.767  28.226 -973.986  2332846.5 241776.8 178739.4 42924.4   6805.9  7188.4  7076.7
  1634 525.423  -0.694  76.277 448.453  3145857.7 195362.1 259331.5 58908.8  16333.4 11399.4  9753.4
  1635 -788.915   0.598  24.633 -812.926  2357641.8 219971.4 179574.9 42768.1   7129.6  6917.6  7136.0
  1636  70.972  -0.414 122.793 -52.233  2548520.0 193320.8 170429.4 54292.7   9752.4 11476.2  8057.6
  1637   5.343   0.030 119.917 -114.541  2505044.8 189818.6 181352.7 51206.7  10228.6  9442.7  8109.7
  1638 334.272  -0.023  32.950 301.303  2738587.2 213849.9 194634.0 55918.3  13781.9  8783.5  8668.0
  1639 -506.924   0.411  25.230 -531.728  2383089.3 186375.5 141330.1 52551.9   8187.2  6740.6  7085.2
  1640 560.728  -0.443  23.603 536.682  3544534.4 217593.6 313885.1 52900.6  20800.7 11768.5 10792.1
  1641 -554.320   0.184  31.549 -585.666  2574570.0 221850.1 185609.5 44060.6   8925.6  7470.0  7396.6
  1642 603.288  -0.125  59.122 544.042  3099407.0 217773.5 295594.8 56898.5  17028.1 12776.4  9168.8
  1643 225.434   0.045  83.866 141.614  2907610.9 261955.6 212603.3 54337.4  17433.8  9616.4  8977.4
  1644 389.201   0.010  28.418 360.793  3465407.4 241958.0 481972.4 55163.7  19016.7  8792.1 10933.8
  1645 381.135   0.028  61.311 319.852  3394032.8 207931.0 185310.8 57326.1  19213.5  6541.9 10472.1
  1646 253.607   0.028  56.792 196.843  3316526.5 254116.5 275402.0 56912.0  20911.1  5438.6 10324.6
  1647 101.613   0.028  40.274  61.370  2904745.5 224894.4 222971.4 56249.9  16179.4  6566.2  9017.6
  1648 -60.644   0.058  98.990 -159.574  2857741.0 229782.6 272571.1 53068.1  14314.1  9744.2  9134.3
  1649 -591.390   0.054  49.286 -640.603  2363338.2 214549.8 152734.8 44541.8   8879.5  7795.9  7525.0

             Carbon flux (ktC/yr)            Water (dam3/yr)                Nitrogen (MgN/yr)
       ------------------------------- -------------------------- --------------------------------
Spinup NEP     estab   fire    NBP     transp     evap    interc  nuptake ndemand  nlosses ninflux
------ ------- ------- ------- ------- ---------- ------- ------- ------- -------- ------- -------
  1650 365.745  -0.027  33.263 332.461  2851451.7 205376.2 188907.6 56873.0  14713.3 10336.2  8973.2
  1651 172.605   0.032  57.597 115.039  3155761.4 197123.0 281938.9 52637.4  18080.0  7399.4 10257.0
  1652 -353.365   0.027  43.700 -397.020  2619950.4 178458.7 140450.0 52976.4  11029.1  6054.0  7702.6
  1653  73.567   0.027  32.759  40.840  2989976.1 231541.7 225942.7 50094.8  15266.2  9253.3  9275.2
  1654 380.352   0.028  18.739 361.642  3432991.9 228645.4 389184.9 55786.4  19477.3  5396.8  9727.7
  1655 -293.060   0.234 159.473 -452.287  2732400.9 153907.5 197980.0 49674.3  10854.5  6995.8  8135.8
  1656   0.009  -0.176  33.762 -33.920  2729709.4 161067.7 176297.1 56569.0   9738.3  7644.0  7712.6
  1657 439.997   0.047  77.196 362.848  3203305.0 192519.6 281382.7 55353.7  17614.0  9614.9 10097.7
  1658 -485.829   0.308 302.799 -788.308  2350853.0 165615.8 181656.7 52286.2   9140.5  7499.8  7112.6
  1659 -157.972  -0.199  33.305 -191.467  2571915.5 164504.2 139502.8 56480.2   9691.3  7879.8  7207.3
  1660 540.011  -0.040  24.501 515.470  3587822.9 209368.5 335951.4 51543.2  21271.7 11427.2 10819.5
  1661 -248.126   0.283 312.496 -560.325  2550121.7 166370.2 191751.4 50967.7  11101.7  7727.7  7539.8
  1662 -118.168   0.058 103.077 -221.177  2624102.3 142810.0 211204.7 50641.2   9160.4  9145.6  7561.1
  1663 -1081.988   1.720  42.133 -1122.383  1738358.8 173973.3 112516.6 46687.3   4026.8 10164.1  6256.8
  1664 1284.250  -1.944  19.899 1262.407  3313911.5 284482.3 207369.9 51312.4  13630.8 15870.4  8200.2
  1665 -483.201   0.792 318.431 -800.827  2276710.0 179702.2 196633.8 55219.8   7884.7 10166.0  6789.6
  1666 492.799  -0.723  64.987 427.091  2817708.9 251326.4 197818.3 55987.5  15252.1 12850.6  8519.0
  1667 443.863   0.038  44.925 398.987  3003639.2 190254.3 233821.1 50441.9  13315.9  7257.1  8594.3
  1668 492.468   0.009  60.142 432.336  3083405.0 229261.7 318179.1 56638.4  16647.7  9147.9  9122.6
  1669 -543.354   0.559 311.272 -854.054  2339267.1 173128.0 198801.9 50426.1   9227.4  7323.4  7018.0
  1670 -343.498   0.204 268.103 -611.390  2309457.3 158128.3 182316.6 51808.7   8833.5  9646.2  6881.7
  1671 502.829  -0.581  36.786 465.465  2863117.0 212227.3 227540.3 52816.0  15250.9 10764.0  8306.3
  1672 421.957   0.001  47.250 374.708  3228623.7 262410.7 312882.7 51821.2  18665.5  8054.5  9219.3
  1673 107.044   0.249 308.700 -201.407  2823194.7 145590.6 457362.0 49361.4  17109.5 11283.5  8740.2
  1674 265.344  -0.159  65.612 199.575  2932511.9 249158.8 229413.2 51344.5  17523.5  9152.1  8779.6

             Carbon flux (ktC/yr)            Water (dam3/yr)                Nitrogen (MgN/yr)
       ------------------------------- -------------------------- --------------------------------
Spinup NEP     estab   fire    NBP     transp     evap    interc  nuptake ndemand  nlosses ninflux
------ ------- ------- ------- ------- ---------- ------- ------- ------- -------- ------- -------
  1675 -462.173   0.679 283.167 -744.651  2342999.0 168091.2 206368.1 46752.6   9515.5  7779.7  6912.0
  1676 471.730  -0.596  35.544 435.590  3185228.2 251356.2 281677.7 51747.1  18135.5  8377.0  9083.1
  1677 -1005.853   1.602  41.187 -1045.410  1861337.0 177368.4 129191.7 42831.3   5243.7  7502.5  6483.0
  1678 573.428  -1.591  64.385 507.454  2701978.0 273051.0 174062.0 49617.5  12072.8 14752.4  7757.3
  1679 773.153  -0.043  21.170 751.941  3462175.9 272515.8 295312.9 51087.7  18694.5  6873.5  8960.7
  1680 -448.641   0.830 271.614 -719.413  2344635.0 197430.7 206149.6 49721.6   9856.3  6751.4  7320.0
  1681 425.298  -0.699  60.142 364.457  3113012.5 197033.3 290603.9 51899.7  17286.7  9939.0  9790.2
  1682 -535.547   0.562  28.561 -563.527  2285204.9 219871.9 178153.9 42786.7   8290.7  6828.0  7025.9
  1683 -130.901  -0.147  23.589 -154.626  2435626.9 199836.6 215191.1 47796.9  10163.7 10885.5  7130.7
  1684 -446.669   0.630 274.683 -720.715  2250056.8 168217.3 192461.9 47929.1   8873.7  8938.6  6746.8
  1685 191.318  -0.570 100.345  90.408  2611750.4 189865.4 174933.6 44242.2   9319.4 13167.6  7567.8
  1686 -212.720   0.397  24.323 -236.637  2440307.8 171738.0 151134.6 52569.4   8751.9  8395.4  6787.8
  1687 832.915  -0.648  16.462 815.808  3231639.7 312399.9 290387.7 46522.3  14089.9 13037.5  8268.1
  1688 196.940   0.096 132.482  64.556  2954159.9 203792.3 228163.6 47951.3  16648.9 11427.1  8791.8
  1689  41.088   0.022  31.233   9.888  2811735.1 167827.2 207328.0 50212.7  10885.3  7015.1  7431.4
  1690 491.837  -0.147  16.346 475.344  3465828.1 237193.9 437012.2 51726.6  20184.8  7208.4  9122.8
  1691  68.343   0.251 215.619 -147.022  2956012.4 228748.8 525485.7 45481.6  17586.5  9892.6  8859.3
  1692  88.041  -0.034  24.108  63.903  3104677.3 230570.6 256942.7 47427.8  17156.3 10596.2  9264.5
  1693 303.115  -0.128  15.581 287.406  3482772.1 229405.2 436212.9 49808.1  20948.9  5222.4  9476.9
  1694 -550.594   0.631  39.879 -589.823  2374402.7 229206.2 182095.0 38661.5   9325.8  7763.7  7220.9
  1695 -1157.482   1.753  38.629 -1194.339  1723306.4 185580.3 112697.7 43525.7   4087.9 10118.8  6247.4
  1696 -147.994  -1.316  18.905 -168.206  2359458.0 188062.2 109828.8 48825.4   6075.6 13774.0  6260.4
  1697 469.234  -0.547 303.303 165.384  2734158.2 148792.8 406765.3 46554.3  15748.2 15289.4  8151.8
  1698  74.909   0.059  34.388  40.595  2699033.5 162969.9 155859.1 52777.1  10631.1  8252.0  7255.3
  1699 -1010.568   1.892  40.403 -1049.060  1772838.1 183546.3 122903.5 39704.1   4505.9  9569.8  6293.1

             Carbon flux (ktC/yr)            Water (dam3/yr)                Nitrogen (MgN/yr)
       ------------------------------- -------------------------- --------------------------------
Spinup NEP     estab   fire    NBP     transp     evap    interc  nuptake ndemand  nlosses ninflux
------ ------- ------- ------- ------- ---------- ------- ------- ------- -------- ------- -------
  1700 846.383  -1.961  28.469 815.957  2737619.2 234988.6 159519.4 45794.1   8030.7 18279.8  6924.8
  1701 -429.796   0.931 224.730 -653.587  2190908.2 174420.3 200394.1 48789.9   7837.0  9256.0  6673.8
  1702 774.608  -1.104  14.244 759.264  3233762.9 298854.9 273950.9 50980.7  15443.8 11528.3  8696.0
  1703 145.949   0.225 123.151  23.032  2698385.5 197961.0 222821.4 45578.5  11498.7 10401.9  8099.1
  1704 524.200  -0.226  19.010 504.964  3377305.6 237402.5 529250.1 50232.4  19386.0 10471.0 10458.6
  1705 426.045   0.017  46.162 379.900  3470044.3 242909.2 338336.5 48962.5  24965.0  5247.5 10248.8
  1706  66.918   0.095  23.354  43.665  3122763.5 237193.7 270460.2 46394.0  18037.7  8000.9  9314.4
  1707 -42.465   0.143 107.235 -149.557  2912932.2 195809.1 226430.3 43594.3  17630.5  7876.8  9049.5
  1708 -286.629   0.313  30.728 -317.031  2589545.5 177337.5 157180.8 46985.1  11213.2  6325.8  7289.2
  1709 157.306  -0.366  14.619 142.323  3209496.6 315403.9 303903.1 45782.1  17944.8  7462.0  9024.3
  1710 -379.807   0.731 293.615 -672.679  2384750.4 165149.9 210042.2 43542.2  10064.5  7928.1  6971.2
  1711 -970.801   1.510  39.562 -1008.835  1817215.2 174836.5 112053.8 40632.9   4748.7  9823.3  6376.6
  1712 965.871  -2.188 111.093 852.590  2799757.6 206897.5 157092.8 44028.2  10087.1 18058.3  7374.0
  1713 409.314   0.086 120.041 289.360  2907742.1 189707.3 236589.8 47655.2  16205.8 11253.5  8646.4
  1714 318.389  -0.056  44.911 273.421  3103154.0 221192.0 349100.9 46973.5  18637.3  8353.8  9209.8
  1715 306.190   0.119  44.209 262.112  3109254.8 191262.1 259446.4 41898.2  15517.8  6202.5  8734.6
  1716 517.883  -0.062  20.989 496.832  3450864.6 287648.9 295876.7 49848.5  20056.4  5907.8  9132.9
  1717 -144.789   0.204  26.173 -170.751  3046109.2 249870.1 268378.0 45048.6  16870.8  7959.5  9318.0
  1718 -161.728   0.036  30.168 -191.850  2749212.4 169357.8 201528.0 44502.9  11828.3  4705.7  7699.0
  1719 113.940   0.004  46.238  67.708  3045509.1 205383.5 214580.7 46717.6  18271.5  7928.4  9805.4
  1720 255.461  -0.125  37.214 218.126  2928675.0 226994.6 251910.4 46230.4  16598.9  4622.4  8663.3
  1721 -189.593   0.302 118.010 -307.296  2635025.8 206590.2 212224.2 42475.9  12101.6  7487.0  8401.5
  1722  86.175  -0.119  81.411   4.645  2772510.6 219941.0 299670.0 48236.3  14410.3  8419.0  8600.1
  1723 -1012.043   1.679  52.357 -1062.692  1884000.1 175419.7 125126.9 38586.1   5693.6  7110.2  6572.7
  1724 519.868  -1.554  34.090 484.228  2866617.9 204528.4 179748.8 45341.0  11806.6 10833.7  8066.3

             Carbon flux (ktC/yr)            Water (dam3/yr)                Nitrogen (MgN/yr)
       ------------------------------- -------------------------- --------------------------------
Spinup NEP     estab   fire    NBP     transp     evap    interc  nuptake ndemand  nlosses ninflux
------ ------- ------- ------- ------- ---------- ------- ------- ------- -------- ------- -------
  1725 627.681  -0.161  22.494 605.025  3331732.3 202882.9 250784.8 53260.3  17530.2  8316.8 10086.8
  1726 321.647   0.029  46.461 275.215  3257049.1 253605.5 321664.1 48896.0  20762.0  4587.8  9795.4
  1727 -302.607   0.400  29.247 -331.434  2568592.4 185122.1 158285.0 49193.7  11219.2  5618.0  7430.4
  1728 -540.670   0.677 274.189 -814.176  2216274.3 175942.1 192144.2 44555.5   9121.9  6858.5  6808.8
  1729 331.564  -0.862  54.948 275.757  2779269.5 253571.0 197232.7 48613.9  16853.9 10618.8  8699.0
  1730 -235.542   0.717 228.328 -463.143  2359404.9 173694.4 201097.8 45627.0  10350.1  6050.8  7384.7
  1731 434.716  -0.677  81.461 352.579  2788308.7 216493.1 286306.2 49559.0  13482.8 10924.0  8086.9
  1732 382.617   0.022  56.241 326.398  3228789.8 190948.0 324524.9 47097.0  19734.2  9507.8 10095.9
  1733 428.724  -0.071  41.998 386.665  3148884.7 188104.9 248878.3 43812.2  15811.5  5977.6  8805.2
  1734 104.004   0.124  93.436  10.692  2805240.3 229983.3 322312.8 48654.9  14479.3  9565.4  8420.9
  1735 -528.421   0.568  34.108 -561.942  2329754.1 223259.6 175580.0 38117.4   9231.9  7526.3  7154.9
  1736   5.935  -0.243 108.561 -102.866  2553428.5 198282.3 185790.2 45332.6  11025.8 10393.7  8093.8
  1737 423.408  -0.266  57.992 365.151  3120299.5 190837.3 304179.8 48034.2  18272.9  8926.7  9927.3
  1738 261.259   0.033  48.480 212.814  3142775.7 199491.9 219962.0 47468.3  18296.9  7420.2  9831.4
  1739  61.846   0.042  22.790  39.106  3096481.4 236838.0 261625.7 44936.3  17004.5  6453.8  9234.7
  1740 -583.978   0.695  28.964 -612.234  2174645.8 223801.6 173038.6 38687.4   8480.0  6202.6  7023.5
  1741 -345.832   0.136  22.107 -367.793  2373331.6 181996.5 138166.7 49977.7   8460.0  7627.6  6846.0
  1742 -752.824   0.772  16.406 -768.440  2162190.1 228091.2 170154.5 35582.0   5781.3  8886.5  6498.6
  1743 -972.462   1.295  30.887 -1002.038  1653112.0 187996.3 93692.5 39497.2   2037.4 13193.8  5232.5
  1744 1028.985  -2.797  18.058 1008.132  2789524.3 258257.3 160976.2 49609.1   6168.9 19542.7  7127.2
  1745 736.376   0.062  62.946 673.492  3050462.2 199304.6 222005.2 54580.6  16411.8  9559.2  9296.0
  1746 370.934  -0.039  39.074 331.821  3092533.2 271874.7 313953.4 50151.7  16443.8  5230.1  9056.3
  1747 581.349   0.029  17.027 564.351  3478218.4 235205.9 438413.7 53177.5  19883.9  4911.8  9293.2
  1748 224.288   0.029  50.738 173.579  3262874.6 271584.0 314760.4 49975.1  20278.8  6337.1  9561.4
  1749 -695.244   0.810  21.355 -715.750  2376958.9 226386.5 197317.2 39754.0   7572.3  6895.8  7068.3

             Carbon flux (ktC/yr)            Water (dam3/yr)                Nitrogen (MgN/yr)
       ------------------------------- -------------------------- --------------------------------
Spinup NEP     estab   fire    NBP     transp     evap    interc  nuptake ndemand  nlosses ninflux
------ ------- ------- ------- ------- ---------- ------- ------- ------- -------- ------- -------
  1750 -215.920  -0.251  27.116 -243.276  2476415.3 182474.4 137637.5 54592.2   9303.4  8649.4  6829.2
  1751 -1083.960   1.826  38.492 -1120.608  1728822.2 184326.0 111717.9 39237.1   4620.6  8273.2  6327.8
  1752 1313.519  -2.267  16.038 1295.213  3305061.3 269989.5 299950.3 44632.4  13961.7 18790.8  8194.9
  1753 761.774   0.028  17.785 744.018  3665639.9 259640.2 307828.1 56690.0  20553.6  6084.0 10530.9
  1754 -533.821   0.425  35.374 -568.749  2382872.9 239046.0 164413.3 44450.6   9277.4  6050.9  7426.6
  1755 412.555  -0.367  35.615 376.574  3102928.0 268071.6 275335.8 54492.0  16008.5  8265.1  8910.5
  1756 311.444   0.029  35.352 276.131  3027023.9 190236.9 228512.0 47394.5  14653.9  5424.6  9047.0
  1757  65.404   0.029  28.462  36.977  2964746.3 240555.2 244124.1 49093.7  14972.8  8866.8  9230.7
  1758 -1130.201   1.744  47.861 -1176.301  1750442.1 178683.2 116843.8 39842.2   5277.0  5676.9  6577.6
  1759 113.754  -1.391  99.821  12.542  2406015.0 202805.5 143588.1 47178.6   9859.2 10246.7  7992.9
  1760  99.587  -0.043 105.664  -6.118  2455906.7 187283.5 185238.5 46808.8  10466.0  8836.2  8064.2
  1761 -1074.962   2.077  30.394 -1103.262  1614035.4 177011.1 113878.7 42234.4   3939.3  7689.5  6186.0
  1762 862.916  -2.053 303.224 557.639  2640507.4 174348.9 329950.2 45910.7  12892.2 18919.0  7578.1
  1763 511.082  -0.142  23.992 486.955  3160540.6 214507.6 256395.1 48653.3  16640.2 11584.8  9208.1
  1764 139.702   0.115  32.289 107.538  2814752.1 161551.0 208230.3 46108.1  11623.8  5490.1  7644.3
  1765 169.618   0.012  25.085 144.551  3017848.4 236098.2 254942.8 45625.8  16596.4  9178.8  9185.3
  1766  20.705   0.056  79.663 -58.901  2829120.9 219444.0 305997.3 45176.8  15207.1  7293.6  8819.8
  1767 226.466  -0.083  21.678 204.705  3359549.5 231556.6 513268.6 45676.2  20478.1  7487.3 11066.1
  1768 596.185   0.029  36.033 560.187  3440746.1 186917.0 231203.5 47146.7  20560.5  4070.2  9851.2
  1769 -311.715   0.297  39.149 -350.548  2537315.4 193089.4 150958.5 51100.5  10282.5  6856.4  7399.3
  1770 175.258  -0.222  56.426 118.610  3125631.7 201028.7 291289.7 47957.6  19203.2  7948.6 10207.7
  1771 -78.358   0.106 111.859 -190.102  2726839.2 193700.3 197155.2 43830.3  12352.5  6354.8  8570.0
  1772 344.854  -0.057  60.853 283.944  3116602.3 189907.2 300795.5 49262.2  18504.9  7822.2 10062.7
  1773 -1006.105   1.539  52.339 -1056.876  1859974.1 174941.0 120594.2 40279.3   5822.8  5787.7  6617.7
  1774 -379.438  -0.458  19.169 -399.055  2066800.7 224853.9 124744.8 42542.6   6243.1 10171.8  6593.1

             Carbon flux (ktC/yr)            Water (dam3/yr)                Nitrogen (MgN/yr)
       ------------------------------- -------------------------- --------------------------------
Spinup NEP     estab   fire    NBP     transp     evap    interc  nuptake ndemand  nlosses ninflux
------ ------- ------- ------- ------- ---------- ------- ------- ------- -------- ------- -------
  1775 564.037  -0.977  80.547 482.512  2756410.8 214644.4 256204.8 52104.3  13003.0 12037.2  8102.3
  1776 -31.328   0.210  36.513 -67.616  2642359.8 170960.0 154614.3 49991.9  11128.9  7604.1  7394.4
  1777 429.488  -0.177  20.054 409.257  3511677.2 216119.7 342837.8 46847.4  21768.9 10851.9 11018.3
  1778 631.493   0.028  18.150 613.371  3726819.0 230179.6 422019.8 52478.9  24593.4  4392.5 10318.2
  1779 432.044   0.028  23.837 408.235  3579932.0 291864.6 274469.0 53373.3  21935.7  5529.3  9919.7
  1780 222.275   0.028  29.602 192.701  3379591.7 217894.7 234960.7 52796.2  17998.7  7094.4 10570.7
  1781 -86.346   0.029  29.924 -116.225  2798002.9 200489.8 212405.6 48978.7  13622.3  5555.3  8155.6
  1782 390.168   0.028  17.839 372.357  3531423.2 251605.9 286163.2 55374.8  20323.7  4818.1 10781.0
  1783 194.848   0.027  26.141 168.735  3476617.9 237859.3 477778.5 51491.2  21023.9  6098.1 11608.2
  1784 253.511   0.028  52.341 201.198  3375572.5 204911.2 184749.8 54202.1  20325.7  5126.3 10872.1
  1785 -167.227   0.097 119.853 -286.979  2810110.0 200087.0 172348.9 48762.3  13553.8  5666.4  9304.3
  1786 -331.857  -0.039  35.282 -367.168  2463783.1 173848.7 132684.9 53831.6   9398.0  6586.1  7520.8
  1787 -94.190   0.138 117.869 -211.918  2550424.9 192087.8 173693.2 46405.9  11533.4  7765.8  8571.0
  1788 160.458   0.179 333.926 -173.289  2696060.8 140843.6 412312.2 49545.1  16293.8 11409.1  8824.2
  1789 -207.480   0.126 267.134 -474.474  2405727.5 149665.5 184214.3 48519.7   9815.5  8134.4  7214.4
  1790 706.745  -0.327  15.934 690.485  3459557.1 219777.4 394385.9 53768.8  19994.6  6453.1  9434.7
  1791 -581.441   0.801  26.686 -607.304  2427495.7 224786.3 191446.0 40124.5   7662.0  7160.3  7173.4
  1792 229.209  -0.330 323.637 -94.758  2709486.5 147748.8 400135.6 50010.1  16037.6 14779.1  8468.9
  1793 -243.810   0.063  33.327 -277.057  2392757.7 201614.1 157852.5 41829.4   8893.4  8840.2  7319.9
  1794 681.315  -0.417  19.602 661.297  3304518.8 194609.5 232732.6 53302.5  17698.0  9266.4 10144.9
  1795 528.891   0.028  17.509 511.410  3613487.7 232067.6 428933.5 51738.0  23234.5  4062.6 10194.8
  1796 262.777   0.028  17.560 245.245  3527943.8 242178.2 420200.4 51509.0  21630.4  4963.8 10004.2
  1797 107.205   0.028  43.401  63.835  2946538.1 229875.2 242496.2 49839.0  17315.6  6384.7  8880.9
  1798 -1141.892   1.826  60.235 -1200.266  1864379.6 186910.1 115230.4 41698.7   5674.7  7670.5  6749.1
  1799 687.396  -1.768  15.869 669.759  3293015.5 260566.7 307832.8 55068.5  17720.3  9673.7  9198.4

             Carbon flux (ktC/yr)            Water (dam3/yr)                Nitrogen (MgN/yr)
       ------------------------------- -------------------------- --------------------------------
Spinup NEP     estab   fire    NBP     transp     evap    interc  nuptake ndemand  nlosses ninflux
------ ------- ------- ------- ------- ---------- ------- ------- ------- -------- ------- -------
  1800 138.267   0.029  30.340 107.959  3148433.9 234891.2 240270.7 49083.7  17178.8  9657.6  9545.1
  1801 118.687   0.141 197.421 -78.592  2955539.3 218924.9 459040.3 47288.1  16724.6  8467.3  9211.9
  1802 223.774  -0.070  26.294 197.415  2974627.2 202904.2 203315.7 49548.1  16364.1  7995.1  9465.5
  1803 184.789   0.015  16.132 168.674  3252063.8 304788.3 300696.9 49451.0  17757.7  5506.9  9366.6
  1804 177.127   0.028  22.511 154.644  3568918.8 212980.0 339479.2 47160.0  21385.6  8392.5 11326.5
  1805 222.426   0.028  50.263 172.193  3321861.2 202961.7 194262.6 50097.8  19977.9  5497.6 10612.1
  1806 -247.534   0.192 119.859 -367.194  2792473.9 150026.3 209313.0 45205.7  12740.0  4898.1  8716.5
  1807 306.209  -0.135  48.577 257.497  3037711.6 214199.9 291350.0 51722.3  17319.6  8170.4  9524.9
  1808 -437.385   0.179  43.714 -480.902  2363743.9 216035.9 160212.1 41508.8   9573.5  6794.5  7509.4
  1809 -681.617   0.739  18.768 -699.629  2224615.0 213874.9 174020.1 42866.2   6097.9  8610.3  6741.5
  1810 669.261  -0.831  16.912 651.519  3196032.9 296851.2 258453.6 54948.0  15340.5  9415.4  8882.5
  1811 351.228   0.038  64.748 286.519  3253916.6 196007.6 294319.9 50577.8  19167.1  8869.2 10364.4
  1812   7.959   0.258 333.787 -325.570  2844247.4 142844.5 426924.1 48194.5  16844.9  9982.0  9016.4
  1813 461.156  -0.210  23.195 437.751  3414900.9 186790.1 233910.8 52443.7  17948.2  7312.0 10556.1
  1814 339.650   0.028  50.068 289.611  3406605.1 241358.8 301259.2 50913.3  23834.7  4650.4 10511.9
  1815 -305.959   0.504 247.657 -553.094  2448960.0 171809.4 187622.7 46877.6  12005.5  6032.3  7944.6
  1816 353.908  -0.446  38.831 314.636  2806749.1 224407.9 228993.3 51800.2  14877.3  8260.3  8557.3
  1817 -189.021   0.196  27.497 -216.308  2603710.1 198665.2 224687.8 44562.7  11764.9  9048.4  7479.7
  1818 -221.149   0.118 107.304 -328.326  2623931.6 149196.0 214918.5 45148.6   9968.7  6701.6  7738.6
  1819 202.843  -0.144  83.502 119.198  2793146.7 213013.0 285987.0 49632.4  14275.0  9400.8  8742.0
  1820 -332.258   0.548 283.216 -614.913  2371054.3 159527.4 197764.1 44963.2  10083.8  7665.5  7146.3
  1821 535.885  -0.544  18.509 516.832  3336579.7 190029.0 229338.8 50656.1  17998.4  8622.3 10306.5
  1822 613.983  -0.001  17.472 596.510  3669778.5 228430.0 430793.6 52343.0  23963.4  4272.2 10219.1
  1823 -273.995   0.314 133.194 -406.859  2738413.1 156015.4 228004.5 45065.8  10968.9  6327.7  8088.1
  1824 -109.622  -0.040  24.954 -134.604  2528359.4 193022.5 216000.8 47425.7  10822.6 10308.2  7326.1

             Carbon flux (ktC/yr)            Water (dam3/yr)                Nitrogen (MgN/yr)
       ------------------------------- -------------------------- --------------------------------
Spinup NEP     estab   fire    NBP     transp     evap    interc  nuptake ndemand  nlosses ninflux
------ ------- ------- ------- ------- ---------- ------- ------- ------- -------- ------- -------
  1825 -1042.891   1.719  48.390 -1089.544  1807970.9 178423.8 118927.2 41337.9   4931.2  8357.5  6385.2
  1826 -249.198  -0.683 241.755 -491.631  2146148.6 176281.3 142931.1 45962.8   7775.6 13866.2  6607.8
  1827 1030.954  -1.162  14.851 1014.940  3454307.1 232947.6 364913.6 52442.2  18034.3  9676.2  9035.1
  1828 122.494   0.241 124.648  -1.901  2731054.2 199704.3 214578.3 46174.3  11740.3  9820.9  8389.9
  1829 452.111  -0.107  43.606 408.405  2944556.5 190203.3 233631.9 47874.8  13401.4  8048.1  8580.2
  1830 627.367  -0.046  21.894 605.428  3420329.3 285431.7 284613.6 52315.7  18646.2  6119.5  9118.9
  1831 -242.940   0.301 124.776 -367.407  2629467.7 212217.0 205175.3 45121.8  11627.9  7637.0  8409.2
  1832 -530.989   0.606 274.450 -804.827  2186322.5 170368.9 185188.9 48233.3   8581.7  7288.7  6846.0
  1833 -102.831  -0.282  70.770 -173.874  2561465.5 144248.3 196102.9 46089.4   9303.5  7335.1  7616.7
  1834 769.720  -0.507  15.284 753.929  3493637.9 238293.7 281754.3 54164.7  19303.5  6679.4  9904.8
  1835 240.292   0.032  60.077 180.249  2879805.6 265192.5 236709.4 49633.1  17309.2  7135.8  8908.6
  1836 -772.737   1.036  20.911 -792.592  2270446.2 229707.6 197445.8 38621.4   6864.0  6295.8  6916.2
  1837 343.229  -0.859  22.436 319.939  2923164.4 239487.3 211698.5 51861.8  14623.9 11480.5  8935.8
  1838 173.923   0.051 123.275  50.699  2841959.2 191730.4 212064.6 47118.6  15843.0  7893.9  8935.0
  1839   3.253   0.100 112.043 -108.685  2596296.7 193545.5 198656.8 46478.6  11189.8  6823.1  8189.5
  1840 462.407  -0.184  19.003 443.220  3353123.2 235633.2 506653.7 49982.0  19364.2  9399.2 10664.7
  1841 490.220   0.029  39.050 451.205  3371482.2 189710.3 236299.6 46502.0  18689.8  4451.8  9577.4
  1842 -241.105   0.231  28.937 -269.795  2547185.9 207048.2 228849.7 46802.7  11217.6  9390.4  7401.8
  1843  -8.848  -0.002 114.063 -122.913  2882961.9 197931.8 207855.2 45737.7  17060.4  9822.2  9168.7
  1844 249.940  -0.141  40.052 209.746  3199984.3 250641.5 299885.5 48867.5  19355.3  5309.0  9602.0
  1845 308.375   0.029  35.561 272.846  2926823.8 219205.7 252032.0 48905.4  17196.7  5921.5  8742.3
  1846  42.199   0.067  56.032 -13.766  3183252.3 205290.1 310092.7 47073.0  19853.4  7900.1 10408.9
  1847 -977.108   1.286  57.036 -1032.822  1958313.8 174736.8 120570.9 39879.9   6783.7  5776.1  6914.4
  1848 -708.722   0.183  15.554 -724.076  2153060.2 228917.6 146578.1 40200.1   5327.2  9715.8  6676.1
  1849 624.478  -1.239  26.922 596.323  2788035.7 217937.8 167364.0 53870.4  13821.7 11947.8  8579.6

             Carbon flux (ktC/yr)            Water (dam3/yr)                Nitrogen (MgN/yr)
       ------------------------------- -------------------------- --------------------------------
Spinup NEP     estab   fire    NBP     transp     evap    interc  nuptake ndemand  nlosses ninflux
------ ------- ------- ------- ------- ---------- ------- ------- ------- -------- ------- -------
  1850 292.655  -0.097  66.677 225.881  2808348.2 220371.0 294398.5 51045.5  13621.7  8747.6  8543.2
  1851 290.339  -0.011  68.658 221.670  2881896.2 255157.9 227834.7 49596.7  18051.4  8972.3  8884.9
  1852 -124.428   0.129  25.990 -150.274  2606961.7 197796.7 225228.5 44671.6  11694.9  8596.2  7445.7
  1853 284.367   0.006  52.351 232.024  3095288.3 203813.8 202875.2 49559.7  17844.8  9481.1  9867.0
  1854 213.594  -0.033  27.614 185.952  2983175.2 218601.8 207495.8 48983.8  17099.5  5959.2  9410.6
  1855 -35.328   0.313 287.925 -322.940  2737196.3 146808.0 439709.5 46689.5  17170.5  9577.6  8819.3
  1856  81.588  -0.166 101.210 -19.786  2976174.5 185288.4 201610.2 45758.1  17165.6 10696.7  9192.6
  1857 238.356   0.018 184.214  54.161  2940877.9 214508.8 474939.8 46095.9  17310.3  9603.6  9090.5
  1858 -536.367   0.520  22.028 -557.853  2393349.6 209786.0 191885.1 39321.7   7510.6  7589.4  7089.0
  1859 179.994  -0.398  28.237 151.367  2721140.7 165778.5 183141.1 50309.7  10489.6  8049.9  7450.3
  1860  59.114   0.083 117.599 -58.398  2611637.7 196384.6 198762.7 43852.8  11656.7  9300.0  8294.3
  1861 -452.169   0.513  23.871 -475.516  2122751.5 218884.7 162159.9 41678.7   7850.2  8230.1  7019.9
  1862 667.519  -0.678  15.670 651.171  3341388.8 235665.2 382506.2 53234.4  19276.1  8105.5  9150.2
  1863 262.596   0.039  72.399 190.236  2911337.4 262088.8 232184.8 49362.2  18477.6  9323.3  8989.4
  1864  83.326   0.095 114.189 -30.768  2936933.9 197917.8 213370.0 46827.6  17250.1  8978.4  9170.2
  1865 568.060  -0.048  21.304 546.709  3500923.8 269887.5 275732.0 52362.9  20674.6  5425.9  9684.9
  1866 -304.351   0.293 125.482 -429.527  2651902.5 156747.7 220870.3 45884.2  10310.0  6137.6  7973.8
  1867 639.518  -0.235  20.870 618.414  3402850.0 268595.1 263349.9 53789.9  18679.0  6069.1  9460.9
  1868  71.143   0.204 216.061 -144.712  2918537.4 231835.8 472500.2 48263.6  16687.1  8843.3  9196.8
  1869 226.038  -0.146  42.313 183.584  3076950.4 185438.8 222532.2 47778.0  15145.1  6632.0  9195.4
  1870  92.166   0.038  70.314  21.890  2793560.0 261346.4 225565.7 49704.5  17421.1  8456.3  9045.5
  1871  31.379   0.018  41.530 -10.133  3069906.8 222749.0 313830.0 46838.7  18653.7  6049.5  9827.5
  1872 -107.934   0.178 104.115 -211.872  2962425.1 192768.5 211552.0 44491.2  18057.5  7939.8  9497.7
  1873 173.389  -0.124  51.774 121.490  3178099.0 189991.2 295424.4 48051.0  19548.2  7590.7 10530.3
  1874 411.345   0.022  20.796 390.570  3591394.4 263613.9 278274.8 50802.0  22992.6  3861.6 10271.2

             Carbon flux (ktC/yr)            Water (dam3/yr)                Nitrogen (MgN/yr)
       ------------------------------- -------------------------- --------------------------------
Spinup NEP     estab   fire    NBP     transp     evap    interc  nuptake ndemand  nlosses ninflux
------ ------- ------- ------- ------- ---------- ------- ------- ------- -------- ------- -------
  1875 143.668   0.019  17.990 125.698  3290829.8 324958.9 302240.1 50163.9  18529.7  5656.5  9520.9
  1876 -239.875   0.181 119.316 -359.009  2728259.2 201345.5 191079.8 45093.5  13082.1  7531.3  9017.2
  1877 291.552  -0.130  60.113 231.309  3127212.4 188973.2 289004.7 51467.4  18724.6  8347.7 10331.8
  1878 -15.529   0.071 107.379 -122.837  2967593.9 190106.8 206948.0 46423.3  17422.2  7704.4  9462.5
  1879 360.350  -0.030  16.961 343.359  3442807.3 225226.0 403640.9 53016.3  20727.7  4672.0  9995.3
  1880  70.826   0.021  52.132  18.715  3165827.8 208597.9 198506.2 49041.3  18378.2  7729.2 10343.3
  1881 405.324   0.014  17.971 387.367  3638183.2 248743.1 288568.1 54650.3  23480.7  3397.2 11614.9
  1882 -290.310   0.086 130.447 -420.669  2802142.6 155346.4 205807.1 47530.9  12549.1  4976.2  8807.2
  1883 387.285  -0.034  67.111 320.141  3135890.0 187220.4 285701.0 54397.2  17807.2  8818.2 10299.9
  1884  -8.770   0.075 115.909 -124.604  2941344.7 191516.8 200394.3 48656.6  16798.8  7743.2  9471.1
  1885 -96.596   0.010 116.210 -212.794  2650682.5 191639.5 182392.5 47993.9  12034.5  7001.3  8744.3
  1886 331.886  -0.019  38.553 293.314  3102484.0 250975.9 283579.4 52337.9  17542.9  6115.9  9478.1
  1887  88.738   0.023  25.874  62.887  3051575.2 231744.0 238590.6 49814.4  16740.9  7284.8  9653.5
  1888 -13.373   0.070 116.041 -129.344  2884203.6 191625.3 205422.1 47213.3  16849.1  7106.0  9410.8
  1889  88.130  -0.029  25.075  63.027  3037691.3 226221.3 235995.1 49325.6  16411.0  7658.4  9522.0
  1890 263.853   0.004  23.123 240.735  3527384.1 208677.9 338585.8 49205.0  20936.6  7351.0 11369.4
  1891 128.732   0.021  29.777  98.976  3305340.1 231329.3 239032.7 49827.3  19663.9  5822.7 10125.3
  1892 117.673   0.022  17.661 100.034  3288542.0 306145.6 298402.5 51761.4  18260.1  5219.1  9618.4
  1893   0.536   0.152 208.017 -207.329  2970389.3 224610.1 445444.4 48166.5  17259.4  8472.0  9345.5
  1894 301.450  -0.111  24.173 277.166  3541693.4 205179.0 325993.7 51287.1  20178.2 10114.5 11366.2
  1895 316.132   0.012  25.385 290.760  3703907.0 210989.5 333697.1 51492.5  22554.8  6426.1 11658.4
  1896 -19.811   0.243 331.525 -351.092  2960786.8 145957.8 425337.0 50267.4  18994.7  7284.9  9460.3
  1897 251.920  -0.200  57.545 194.174  3261404.9 184632.3 287000.2 52395.3  18476.3  7814.4 10441.9
  1898  16.842   0.020  26.828  -9.966  3154372.0 225987.3 240209.3 49258.4  17688.2  7329.2  9758.9
  1899 -195.726   0.119 115.012 -310.619  2676030.8 192339.3 190839.2 45390.5  12628.0  6458.2  8883.3

             Carbon flux (ktC/yr)            Water (dam3/yr)                Nitrogen (MgN/yr)
       ------------------------------- -------------------------- --------------------------------
Spinup NEP     estab   fire    NBP     transp     evap    interc  nuptake ndemand  nlosses ninflux
------ ------- ------- ------- ------- ---------- ------- ------- ------- -------- ------- -------
  1900 534.533  -0.071  20.730 513.733  3390091.2 263273.2 267038.5 53660.7  19642.0  5220.4  9820.9

             Carbon flux (ktC/yr)            Water (dam3/yr)                Nitrogen (MgN/yr)
       ------------------------------- -------------------------- --------------------------------
Year   NEP     estab   fire    NBP     transp     evap    interc  nuptake ndemand  nlosses ninflux
------ ------- ------- ------- ------- ---------- ------- ------- ------- -------- ------- -------
  1901 363.146   0.019  23.377 339.787  3447627.1 289499.7 269882.0 52923.4  20474.4  4930.9 10125.3
  1902 -142.547   0.030  89.861 -232.378  2831783.7 234455.6 287076.4 51060.1  14733.4  7682.4  9488.9
  1903  97.346  -0.000  25.909  71.436  3371754.5 233604.4 490250.9 50905.6  19636.2  7110.0 11546.3
  1904   3.999   0.050 109.739 -105.690  3002122.4 196148.9 185932.3 49723.1  16498.7  5294.0  9760.0
  1905 -239.916   0.018  26.556 -266.422  2532292.7 190617.2 206164.1 48627.3  11356.7  8849.8  7789.8
  1906 302.552   0.008  46.185 256.374  3165226.7 252888.0 279883.6 52846.7  18718.8  6330.4  9851.8
  1907 270.438   0.029  37.777 232.689  2884911.8 221561.2 234348.4 53464.0  18191.1  6020.0  9198.7
  1908 -196.919   0.323 340.672 -537.268  2742145.7 149902.0 427482.1 47822.7  16815.2 11141.0  9209.5
  1909 339.356  -0.265  43.049 296.048  3127136.9 178791.9 209680.6 51308.8  15444.8  6059.3  9445.9
  1910 271.629   0.028  64.290 207.367  3170476.1 196471.5 298955.8 52684.2  18833.8  8632.1 10783.0
  1911 -442.176   0.296 288.469 -730.339  2401111.5 163834.7 191324.7 48323.4  10369.9  6452.9  7960.4
  1912 -107.899  -0.145  32.359 -140.395  2580764.0 164958.9 145149.8 52710.0  10840.5  7254.6  7839.8
  1913 -472.819   0.402  30.921 -503.328  2210474.2 218320.3 164112.7 40711.9   8699.6  7996.9  7591.9
  1914 399.259  -0.306 191.060 207.893  2843683.4 222150.6 437015.2 49429.0  16828.0 12514.5  9139.2
  1915 454.170  -0.101  17.087 436.981  3295986.6 290880.0 310158.2 52368.2  17233.3  7501.9  9491.0
  1916 330.595   0.028  23.280 307.343  3569229.9 216024.4 351185.5 49730.0  21486.4  9593.5 11562.6
  1917 472.596   0.026  18.770 453.852  3652775.8 233082.1 416056.7 55677.5  24384.4  4083.4 10951.9
  1918  -3.601   0.035  79.456 -83.022  2913188.7 271498.5 218637.7 52124.9  18630.3  8349.6  9653.2
  1919  68.182   0.016  28.158  40.046  2948998.5 213312.5 203267.7 52192.6  16356.0  7185.1 10007.7
  1920 -1177.497   1.517  43.745 -1219.699  1766379.7 179986.2 114748.0 43104.5   5669.7  6807.6  7416.0
  1921 530.012  -1.395 123.900 404.717  2741387.4 200667.2 159836.0 52028.0  14122.8 13291.4  9204.3
  1922 -218.232   0.420 242.064 -459.869  2331569.1 172710.2 182129.0 52827.8   9990.6  7141.6  8218.7
  1923 -78.121  -0.256  85.036 -163.408  2496506.3 143247.7 203587.3 51517.2   8726.7  8078.2  8120.1
  1924 764.767  -0.141  24.037 740.589  3276272.2 191153.5 237832.8 57153.8  17348.2  8222.6 10684.6
  1925 450.056   0.028  55.074 395.010  3162894.4 228468.2 311681.6 54405.9  18219.4  5761.5 10082.9

             Carbon flux (ktC/yr)            Water (dam3/yr)                Nitrogen (MgN/yr)
       ------------------------------- -------------------------- --------------------------------
Year   NEP     estab   fire    NBP     transp     evap    interc  nuptake ndemand  nlosses ninflux
------ ------- ------- ------- ------- ---------- ------- ------- ------- -------- ------- -------
  1926 -793.138   0.766  25.951 -818.292  2329956.0 232693.5 185366.6 43442.5   6898.8  5913.8  7645.3
  1927 685.720  -0.708  63.877 621.135  3052365.4 205169.1 176757.1 60584.6  15957.3 11216.9 10217.1
  1928 574.200   0.028  18.719 555.509  3566189.1 254859.0 289796.4 58750.9  19973.7  3912.0 11253.8
  1929 -88.816   0.029  35.525 -124.303  2850886.9 180023.3 187993.8 54113.4  12656.1  4542.7  8776.2
  1930 132.197   0.029  35.023  97.205  3000512.1 239276.6 228684.8 55164.1  14889.8  9469.9 10241.0
  1931 239.440   0.028  21.237 218.231  3260169.1 279086.7 392673.7 55200.7  18432.9  7219.3 11731.3
  1932 263.680   0.073 105.990 157.763  3286061.5 243303.7 254306.2 54485.2  20199.2  6450.4 11154.9
  1933 388.354  -0.019  18.083 370.253  3738328.6 318608.6 380010.9 56570.6  22293.1  6616.7 13136.8
  1934 -117.312   0.028  30.497 -147.782  2906943.8 197727.1 274150.5 52219.7  15634.4  6350.5  9901.1
  1935 249.738   0.026  19.786 229.979  3250612.8 252836.5 329738.2 57062.0  18454.8  7221.3 11279.7
  1936 264.270   0.023  18.839 245.453  3533421.5 238368.5 364497.2 55987.2  21459.1  5311.4 13386.0
  1937 511.904   0.019  21.194 490.728  3565543.7 266723.8 252908.3 60813.6  22754.4  2949.0 12235.0
  1938 332.024   0.015  32.621 299.419  3479370.9 282870.0 373893.4 59604.6  21874.8  5128.9 12010.4
  1939 -292.008   0.038  65.375 -357.345  2994503.6 174285.4 178860.5 53231.7  14137.1  6932.3 10556.0
  1940 -13.491   0.003  48.446 -61.934  2949411.6 257363.6 248118.5 56933.5  15437.4  6323.7 11013.2
  1941 -517.138   0.231 238.020 -754.925  2438760.9 198388.0 188526.8 49907.1   9474.2  8007.8  8716.5
  1942 -130.544  -0.041 179.324 -309.905  2633665.5 178279.6 217042.8 53841.2  10153.5 13359.5  9117.9
  1943 454.320  -0.110  26.285 427.925  3062713.4 246788.3 255885.0 56765.2  15689.1 10076.6 10568.6
  1944 575.001   0.021  21.213 553.809  3798085.8 293013.6 249498.3 59648.7  20929.9  4977.8 12243.9
  1945 -23.225   0.016  41.318 -64.527  3072699.5 229973.2 339432.0 53819.1  16820.2  8783.1 11004.0
  1946  28.407   0.016  26.325   2.098  3068477.3 215310.2 234048.9 56275.7  15457.7  7646.1 10261.0
  1947  13.030   0.104 152.649 -139.515  2970852.2 187836.8 366784.1 54782.7  16130.8  7904.2 10378.8
  1948 264.165  -0.080  18.600 245.484  3291536.9 210163.8 296406.7 56383.1  18126.4  8115.5 12288.1
  1949 331.412   0.015  59.239 272.188  3563391.0 228023.4 283925.1 55531.3  21683.9  5765.3 12758.9
  1950 121.133   0.004  68.517  52.621  3014581.6 204481.7 268207.0 57088.7  14971.2  7797.3 10353.2

             Carbon flux (ktC/yr)            Water (dam3/yr)                Nitrogen (MgN/yr)
       ------------------------------- -------------------------- --------------------------------
Year   NEP     estab   fire    NBP     transp     evap    interc  nuptake ndemand  nlosses ninflux
------ ------- ------- ------- ------- ---------- ------- ------- ------- -------- ------- -------
  1951 -96.683   0.021  24.982 -121.644  2948103.8 289837.0 243305.2 54879.2  14723.7  9756.0 10612.8
  1952 -27.602   0.022  74.249 -101.829  2723290.1 239715.7 194694.1 55515.9  13905.9  8208.2 10464.8
  1953 242.748  -0.004  27.394 215.351  3321586.7 192409.3 319467.4 56083.7  18847.3  8194.1 12357.5
  1954 259.735   0.015  77.819 181.932  3223456.6 233779.4 292129.5 58125.1  18381.6  6674.4 11145.7
  1955 -182.458   0.117 156.921 -339.262  2865076.2 211715.6 333794.4 54272.5  14451.4  9963.7 10260.8
  1956 277.767  -0.099  35.754 241.914  3346317.7 206091.5 482089.1 55998.4  20219.3  9854.5 13467.6
  1957 799.818  -0.005  23.526 776.287  3902318.3 215438.3 264476.5 64569.0  25286.1  3136.0 13298.1
  1958  15.901   0.004  31.351 -15.446  3068498.6 243185.8 351155.4 57078.7  17546.4  7040.1 11331.1
  1959 -333.329   0.209 233.141 -566.261  2617181.8 218073.1 313495.0 56308.4  13618.9  8375.1 10250.1
  1960 333.022  -0.179  44.088 288.755  3189668.3 198617.0 214577.0 62111.4  15707.6  6525.8 11298.0
  1961 234.842  -0.007  24.012 210.823  3394614.8 241903.5 319415.7 58265.4  19337.8  6874.6 12700.8
  1962 280.313  -0.036  21.169 259.108  3448083.0 317294.4 407296.9 59906.2  18887.3  6041.3 13393.8
  1963 420.292  -0.016  24.511 395.765  3484983.7 227448.7 255418.4 62544.8  20283.3  4898.6 13059.9
  1964 -32.038   0.244 266.158 -297.952  3191568.3 198347.5 257538.7 59370.8  17861.0  6025.2 11663.3
  1965 -159.098   0.034 267.458 -426.522  2749207.4 190654.7 246377.4 56605.0  11434.5 10560.0 10008.9
  1966 -108.703  -0.231  47.483 -156.410  2679519.2 281185.3 198206.2 62216.2  10729.7  8274.4  9701.1
  1967 168.667   0.028  41.564 127.131  2910878.6 203752.0 261800.6 60071.3  14665.8  6068.8 10650.6
  1968  24.638   0.211 217.681 -192.833  2884033.9 180870.7 193806.1 58001.8  13401.8 11055.2 10401.6
  1969 305.578  -0.155  37.333 268.089  3009238.9 194904.9 215858.4 60927.7  15148.6  7866.7 11288.6
  1970 377.066   0.096 154.809 222.354  3292182.6 268563.2 297003.6 60049.1  18194.2  6339.6 12916.8
  1971   2.346  -0.042  66.819 -64.514  2706904.5 262084.5 115688.8 60485.9  11939.4  8231.6 11835.2
  1972 -504.285   0.028  37.287 -541.538  2084036.5 229286.9 96867.3 58122.3   7890.2  9469.8 10626.4
  1973 475.229   0.027  49.670 425.586  3162715.0 237840.0 342065.5 60667.9  17651.7 10294.5 13709.0
  1974 595.705   0.027  37.897 557.835  3475023.9 246589.8 276161.4 63282.0  19913.7  6707.1 14041.4
  1975 427.361   0.025  21.110 406.276  3571810.3 271214.4 336923.0 64791.9  20987.5  4694.3 14998.7

             Carbon flux (ktC/yr)            Water (dam3/yr)                Nitrogen (MgN/yr)
       ------------------------------- -------------------------- --------------------------------
Year   NEP     estab   fire    NBP     transp     evap    interc  nuptake ndemand  nlosses ninflux
------ ------- ------- ------- ------- ---------- ------- ------- ------- -------- ------- -------
  1976 206.964   0.052 115.168  91.847  3043960.9 186545.9 275217.7 62013.6  16913.3  6695.9 12182.3
  1977 -24.925   0.002  34.838 -59.762  2779122.6 281467.7 156992.1 61806.4  13562.4  8458.3 12248.3
  1978 121.955   0.025  19.991 101.989  3153787.9 327116.8 378188.8 60018.6  17923.3  8529.6 13826.4
  1979 313.406   0.024  23.327 290.104  3385869.1 323371.2 218203.9 62440.0  16305.9  6937.5 13118.4
  1980 -292.300   0.028  72.950 -365.222  2695006.7 203328.9 188318.8 60572.3  11810.2  9329.8 13456.5
  1981 251.891   0.010  23.424 228.476  3137090.1 313885.3 299762.7 65237.8  17244.0  6519.3 15585.9
  1982 363.391   0.012  27.989 335.414  3151132.8 247442.4 231257.7 61758.7  15858.7 10460.3 15559.7
  1983 -101.843   0.122 180.314 -282.034  2656057.4 235364.7 253771.7 62688.3  12738.1 10333.8 13682.7
  1984 296.330  -0.060 127.343 168.926  3141833.0 205477.7 160735.0 64490.6  15555.0  8010.3 14895.8
  1985 204.700  -0.034  30.674 173.993  3093440.0 218225.1 210608.1 66480.4  15014.9  6845.9 14849.4
  1986 529.766   0.013  26.177 503.602  3147309.3 292897.0 179369.8 70097.9  18019.5  5244.8 15403.2
  1987 452.912  -0.008  24.537 428.366  3241588.7 386414.8 215954.7 67482.4  17170.9  6932.8 16589.8
  1988 423.033   0.002  36.665 386.371  3176705.3 261657.6 346894.7 69845.8  19411.4  4159.1 15265.4
  1989 -49.483   0.015  28.974 -78.442  2966328.3 224235.3 229060.8 67024.3  15756.2  5514.2 14867.5
  1990 303.150  -0.008  32.103 271.039  3201798.1 254294.3 258210.8 65691.2  18571.2  7597.5 16186.1
  1991  79.479   0.013  70.020   9.471  3070168.5 222410.1 185976.9 65455.2  16250.8  7824.3 15202.0
  1992  68.394   0.008  41.687  26.716  2916217.7 256501.3 164261.7 63820.8  15226.6 10969.8 15303.5
  1993  83.398   0.008  39.928  43.478  3004964.6 223946.4 222118.0 64179.8  15520.2  9033.0 15508.4
  1994 340.380   0.001  30.373 310.008  3128123.2 205670.1 188174.4 67526.3  16741.0  6155.0 15771.3
  1995 822.623  -0.019  30.462 792.142  3326998.8 298868.3 272796.7 75247.7  25587.6  2377.0 17977.5
  1996 186.921  -0.020  37.200 149.701  3025290.4 273553.9 288983.2 67569.8  17787.6  6140.8 16334.6
  1997 548.283  -0.031  31.612 516.639  3317988.2 270157.7 212955.4 72622.7  23591.3  2837.2 18703.3
  1998 268.648  -0.052  48.893 219.704  3119549.2 246244.1 267101.2 69540.7  21470.7  5201.5 17592.4
  1999  41.893   0.082 168.425 -126.450  2898467.8 248942.5 213584.1 67685.6  17831.6  7039.0 15890.0
  2000 -69.326  -0.070  91.130 -160.526  2885188.2 218026.0 212504.8 65599.2  15364.5  7830.3 13896.7

             Carbon flux (ktC/yr)            Water (dam3/yr)                Nitrogen (MgN/yr)
       ------------------------------- -------------------------- --------------------------------
Year   NEP     estab   fire    NBP     transp     evap    interc  nuptake ndemand  nlosses ninflux
------ ------- ------- ------- ------- ---------- ------- ------- ------- -------- ------- -------
  2001 265.669  -0.035  34.392 231.241  2885088.0 297039.4 215577.4 74804.9  17902.1  5697.5 14994.3
  2002   8.223   0.004  78.135 -69.907  2780004.3 231910.4 168691.7 67864.2  16035.1  7720.9 13767.9
  2003 178.402  -0.013  46.487 131.902  2948077.7 215731.9 232319.7 66958.8  15590.0 11689.6 14546.9
  2004 397.505   0.001  36.267 361.239  3019080.7 293733.2 171653.6 74430.9  19828.1  3810.5 15148.2
  2005 312.115  -0.015  36.551 275.550  3043043.4 317069.9 255630.8 69446.2  17339.3  9207.7 14831.7
  2006 555.869  -0.046  38.159 517.664  3052398.3 314459.3 213595.3 74865.6  22721.9  4522.8 16131.3
  2007 -187.605   0.075 160.989 -348.519  2725960.6 222256.6 255453.2 64880.1  15721.9  9708.9 13433.0
  2008 836.005  -0.098  38.665 797.243  3138192.5 292793.1 189453.3 78997.0  24989.8  3476.4 16769.3
  2009 -266.324   0.018 138.457 -404.763  2454532.1 237414.0 190882.6 66404.8  13792.7  9476.7 14161.0
  2010  92.261  -0.082  78.044  14.136  2674659.2 311189.3 258210.0 68849.4  15364.9 10639.6 15656.2
  2011  44.692   0.260 273.990 -229.038  2740897.1 265375.2 201804.4 72773.2  16243.0  7470.6 15328.5
  2012 197.782  -0.165 186.922  10.695  2742005.4 211768.5 186503.4 70912.7  15146.4 12313.3 15465.5
  2013 334.416  -0.118  37.570 296.729  2880590.8 292768.5 224787.9 74679.7  15633.4  8696.9 16406.8
  2014 411.117  -0.000  43.389 367.728  2727809.8 286724.0 132375.9 78306.2  18535.0  4398.7 15673.9
  2015 123.367  -0.001  68.085  55.281  2721758.5 270378.4 165003.6 76402.0  17903.1  6474.5 15897.9
  2016 -157.455   0.069 199.660 -357.045  2402671.7 269539.1 183983.9 72132.9  13665.5 12196.8 14852.3
Simulation ended.
lpjml successfully terminated, 2 grid cells processed.
Wall clock time:	13 sec, 0.013 sec/cell/year.
Total wall clock time:	14 sec (00:00:14).
